  [1m[35m (2.7ms)[0m  [1m[35mSET NAMES utf8mb4,  @@SESSION.sql_mode = CONCAT(CONCAT(@@sql_mode, ',STRICT_ALL_TABLES'), ',NO_AUTO_VALUE_ON_ZERO'),  @@SESSION.sql_auto_is_null = 0, @@SESSION.wait_timeout = 2147483[0m
  [1m[35m (0.2ms)[0m  [1m[35mCREATE DATABASE `dggirl_development` DEFAULT CHARACTER SET `utf8mb4`[0m
  [1m[35m (0.2ms)[0m  [1m[35mSET NAMES utf8mb4,  @@SESSION.sql_mode = CONCAT(CONCAT(@@sql_mode, ',STRICT_ALL_TABLES'), ',NO_AUTO_VALUE_ON_ZERO'),  @@SESSION.sql_auto_is_null = 0, @@SESSION.wait_timeout = 2147483[0m
  [1m[35m (0.2ms)[0m  [1m[35mCREATE DATABASE `dggirl_test` DEFAULT CHARACTER SET `utf8mb4`[0m
  [1m[35m (0.3ms)[0m  [1m[35mSET NAMES utf8mb4,  @@SESSION.sql_mode = CONCAT(CONCAT(@@sql_mode, ',STRICT_ALL_TABLES'), ',NO_AUTO_VALUE_ON_ZERO'),  @@SESSION.sql_auto_is_null = 0, @@SESSION.wait_timeout = 2147483[0m
  [1m[35m (184.7ms)[0m  [1m[35mCREATE TABLE `schema_migrations` (`version` varchar(255) NOT NULL PRIMARY KEY)[0m
  [1m[35m (370.7ms)[0m  [1m[35mCREATE TABLE `ar_internal_metadata` (`key` varchar(255) NOT NULL PRIMARY KEY, `value` varchar(255), `created_at` datetime(6) NOT NULL, `updated_at` datetime(6) NOT NULL)[0m
  [1m[35m (1.2ms)[0m  [1m[34mSELECT GET_LOCK('2826846412133084670', 0)[0m
  [1m[35m (0.2ms)[0m  [1m[34mSELECT `schema_migrations`.`version` FROM `schema_migrations` ORDER BY `schema_migrations`.`version` ASC[0m
  [1m[36mActiveRecord::InternalMetadata Load (0.2ms)[0m  [1m[34mSELECT `ar_internal_metadata`.* FROM `ar_internal_metadata` WHERE `ar_internal_metadata`.`key` = 'environment' LIMIT 1[0m
  [1m[35m (0.1ms)[0m  [1m[35mBEGIN[0m
  [1m[36mActiveRecord::InternalMetadata Create (1.4ms)[0m  [1m[32mINSERT INTO `ar_internal_metadata` (`key`, `value`, `created_at`, `updated_at`) VALUES ('environment', 'development', '2019-10-27 01:55:37.203529', '2019-10-27 01:55:37.203529')[0m
  [1m[35m (9.0ms)[0m  [1m[35mCOMMIT[0m
  [1m[35m (0.2ms)[0m  [1m[34mSELECT RELEASE_LOCK('2826846412133084670')[0m
  [1m[35m (0.2ms)[0m  [1m[35mSET NAMES utf8mb4,  @@SESSION.sql_mode = CONCAT(CONCAT(@@sql_mode, ',STRICT_ALL_TABLES'), ',NO_AUTO_VALUE_ON_ZERO'),  @@SESSION.sql_auto_is_null = 0, @@SESSION.wait_timeout = 2147483[0m
  [1m[35m (0.2ms)[0m  [1m[34mSELECT `schema_migrations`.`version` FROM `schema_migrations` ORDER BY `schema_migrations`.`version` ASC[0m
DEPRECATION WARNING: Initialization autoloaded the constants ActionText::ContentHelper and ActionText::TagHelper.

Being able to do this is deprecated. Autoloading during initialization is going
to be an error condition in future versions of Rails.

Reloading does not reboot the application, and therefore code executed during
initialization does not run again. So, if you reload ActionText::ContentHelper, for example,
the expected changes won't be reflected in that stale Module object.

These autoloaded constants have been unloaded.

Please, check the "Autoloading and Reloading Constants" guide for solutions.
 (called from <main> at /var/www/dggirl/config/environment.rb:5)
DEPRECATION WARNING: Initialization autoloaded the constants ActionText::ContentHelper and ActionText::TagHelper.

Being able to do this is deprecated. Autoloading during initialization is going
to be an error condition in future versions of Rails.

Reloading does not reboot the application, and therefore code executed during
initialization does not run again. So, if you reload ActionText::ContentHelper, for example,
the expected changes won't be reflected in that stale Module object.

These autoloaded constants have been unloaded.

Please, check the "Autoloading and Reloading Constants" guide for solutions.
 (called from <main> at /var/www/dggirl/config/environment.rb:5)
DEPRECATION WARNING: Initialization autoloaded the constants ActionText::ContentHelper and ActionText::TagHelper.

Being able to do this is deprecated. Autoloading during initialization is going
to be an error condition in future versions of Rails.

Reloading does not reboot the application, and therefore code executed during
initialization does not run again. So, if you reload ActionText::ContentHelper, for example,
the expected changes won't be reflected in that stale Module object.

These autoloaded constants have been unloaded.

Please, check the "Autoloading and Reloading Constants" guide for solutions.
 (called from <main> at /var/www/dggirl/config/environment.rb:5)
DEPRECATION WARNING: Initialization autoloaded the constants ActionText::ContentHelper and ActionText::TagHelper.

Being able to do this is deprecated. Autoloading during initialization is going
to be an error condition in future versions of Rails.

Reloading does not reboot the application, and therefore code executed during
initialization does not run again. So, if you reload ActionText::ContentHelper, for example,
the expected changes won't be reflected in that stale Module object.

These autoloaded constants have been unloaded.

Please, check the "Autoloading and Reloading Constants" guide for solutions.
 (called from <main> at /var/www/dggirl/config/environment.rb:5)
DEPRECATION WARNING: Initialization autoloaded the constants ActionText::ContentHelper and ActionText::TagHelper.

Being able to do this is deprecated. Autoloading during initialization is going
to be an error condition in future versions of Rails.

Reloading does not reboot the application, and therefore code executed during
initialization does not run again. So, if you reload ActionText::ContentHelper, for example,
the expected changes won't be reflected in that stale Module object.

These autoloaded constants have been unloaded.

Please, check the "Autoloading and Reloading Constants" guide for solutions.
 (called from <main> at /var/www/dggirl/config/environment.rb:5)
  [1m[35m (0.4ms)[0m  [1m[35mSET NAMES utf8mb4,  @@SESSION.sql_mode = CONCAT(CONCAT(@@sql_mode, ',STRICT_ALL_TABLES'), ',NO_AUTO_VALUE_ON_ZERO'),  @@SESSION.sql_auto_is_null = 0, @@SESSION.wait_timeout = 2147483[0m
  [1m[35m (0.3ms)[0m  [1m[35mCREATE DATABASE `dggirl_development` DEFAULT CHARACTER SET `utf8mb4`[0m
  [1m[35m (0.2ms)[0m  [1m[35mSET NAMES utf8mb4,  @@SESSION.sql_mode = CONCAT(CONCAT(@@sql_mode, ',STRICT_ALL_TABLES'), ',NO_AUTO_VALUE_ON_ZERO'),  @@SESSION.sql_auto_is_null = 0, @@SESSION.wait_timeout = 2147483[0m
  [1m[35m (0.3ms)[0m  [1m[35mCREATE DATABASE `dggirl_test` DEFAULT CHARACTER SET `utf8mb4`[0m
DEPRECATION WARNING: Initialization autoloaded the constants ActionText::ContentHelper and ActionText::TagHelper.

Being able to do this is deprecated. Autoloading during initialization is going
to be an error condition in future versions of Rails.

Reloading does not reboot the application, and therefore code executed during
initialization does not run again. So, if you reload ActionText::ContentHelper, for example,
the expected changes won't be reflected in that stale Module object.

These autoloaded constants have been unloaded.

Please, check the "Autoloading and Reloading Constants" guide for solutions.
 (called from <main> at /var/www/dggirl/config/environment.rb:5)
  [1m[35m (0.4ms)[0m  [1m[35mSET NAMES utf8mb4,  @@SESSION.sql_mode = CONCAT(CONCAT(@@sql_mode, ',STRICT_ALL_TABLES'), ',NO_AUTO_VALUE_ON_ZERO'),  @@SESSION.sql_auto_is_null = 0, @@SESSION.wait_timeout = 2147483[0m
  [1m[35m (0.8ms)[0m  [1m[34mSELECT GET_LOCK('2826846412133084670', 0)[0m
  [1m[35m (0.2ms)[0m  [1m[34mSELECT `schema_migrations`.`version` FROM `schema_migrations` ORDER BY `schema_migrations`.`version` ASC[0m
Migrating to CreateCategories (20191027015619)
  [1m[35m (271.1ms)[0m  [1m[35mCREATE TABLE `categories` (`id` bigint NOT NULL AUTO_INCREMENT PRIMARY KEY, `code` int, `name` varchar(255), `created_at` datetime(6) NOT NULL, `updated_at` datetime(6) NOT NULL)[0m
  [1m[35m (0.1ms)[0m  [1m[35mBEGIN[0m
  [1m[36mprimary::SchemaMigration Create (1.0ms)[0m  [1m[32mINSERT INTO `schema_migrations` (`version`) VALUES ('20191027015619')[0m
  [1m[35m (30.6ms)[0m  [1m[35mCOMMIT[0m
Migrating to CreateProducts (20191027015755)
  [1m[35m (188.2ms)[0m  [1m[35mCREATE TABLE `products` (`id` bigint NOT NULL AUTO_INCREMENT PRIMARY KEY, `code` int, `name` varchar(255), `description` text, `image` varchar(255), `category_id` bigint NOT NULL, `created_at` datetime(6) NOT NULL, `updated_at` datetime(6) NOT NULL,  INDEX `index_products_on_category_id`  (`category_id`), CONSTRAINT `fk_rails_fb915499a4`
FOREIGN KEY (`category_id`)
  REFERENCES `categories` (`id`)
)[0m
  [1m[35m (0.1ms)[0m  [1m[35mBEGIN[0m
  [1m[36mprimary::SchemaMigration Create (2.7ms)[0m  [1m[32mINSERT INTO `schema_migrations` (`version`) VALUES ('20191027015755')[0m
  [1m[35m (18.6ms)[0m  [1m[35mCOMMIT[0m
  [1m[36mActiveRecord::InternalMetadata Load (0.4ms)[0m  [1m[34mSELECT `ar_internal_metadata`.* FROM `ar_internal_metadata` WHERE `ar_internal_metadata`.`key` = 'environment' LIMIT 1[0m
  [1m[35m (0.4ms)[0m  [1m[34mSELECT RELEASE_LOCK('2826846412133084670')[0m
  [1m[35m (0.2ms)[0m  [1m[35mSET NAMES utf8mb4,  @@SESSION.sql_mode = CONCAT(CONCAT(@@sql_mode, ',STRICT_ALL_TABLES'), ',NO_AUTO_VALUE_ON_ZERO'),  @@SESSION.sql_auto_is_null = 0, @@SESSION.wait_timeout = 2147483[0m
  [1m[35m (0.2ms)[0m  [1m[34mSELECT `schema_migrations`.`version` FROM `schema_migrations` ORDER BY `schema_migrations`.`version` ASC[0m
DEPRECATION WARNING: Initialization autoloaded the constants ActionText::ContentHelper and ActionText::TagHelper.

Being able to do this is deprecated. Autoloading during initialization is going
to be an error condition in future versions of Rails.

Reloading does not reboot the application, and therefore code executed during
initialization does not run again. So, if you reload ActionText::ContentHelper, for example,
the expected changes won't be reflected in that stale Module object.

These autoloaded constants have been unloaded.

Please, check the "Autoloading and Reloading Constants" guide for solutions.
 (called from <main> at /var/www/dggirl/config/environment.rb:5)
DEPRECATION WARNING: Initialization autoloaded the constants RailsAdmin::ApplicationHelper, RailsAdmin::MainHelper, RailsAdmin::ModelNotFound, RailsAdmin::ObjectNotFound, RailsAdmin::ActionNotAllowed, RailsAdmin::ApplicationController, ActionText::ContentHelper, and ActionText::TagHelper.

Being able to do this is deprecated. Autoloading during initialization is going
to be an error condition in future versions of Rails.

Reloading does not reboot the application, and therefore code executed during
initialization does not run again. So, if you reload RailsAdmin::ApplicationHelper, for example,
the expected changes won't be reflected in that stale Module object.

These autoloaded constants have been unloaded.

Please, check the "Autoloading and Reloading Constants" guide for solutions.
 (called from <main> at /var/www/dggirl/config/environment.rb:5)
  [1m[35m (0.4ms)[0m  [1m[35mSET NAMES utf8mb4,  @@SESSION.sql_mode = CONCAT(CONCAT(@@sql_mode, ',STRICT_ALL_TABLES'), ',NO_AUTO_VALUE_ON_ZERO'),  @@SESSION.sql_auto_is_null = 0, @@SESSION.wait_timeout = 2147483[0m
  [1m[35m (0.2ms)[0m  [1m[35mCREATE DATABASE `dggirl_development` DEFAULT CHARACTER SET `utf8mb4`[0m
  [1m[35m (0.2ms)[0m  [1m[35mSET NAMES utf8mb4,  @@SESSION.sql_mode = CONCAT(CONCAT(@@sql_mode, ',STRICT_ALL_TABLES'), ',NO_AUTO_VALUE_ON_ZERO'),  @@SESSION.sql_auto_is_null = 0, @@SESSION.wait_timeout = 2147483[0m
  [1m[35m (0.2ms)[0m  [1m[35mCREATE DATABASE `dggirl_test` DEFAULT CHARACTER SET `utf8mb4`[0m
DEPRECATION WARNING: Initialization autoloaded the constants RailsAdmin::ApplicationHelper, RailsAdmin::MainHelper, RailsAdmin::ModelNotFound, RailsAdmin::ObjectNotFound, RailsAdmin::ActionNotAllowed, RailsAdmin::ApplicationController, ActionText::ContentHelper, and ActionText::TagHelper.

Being able to do this is deprecated. Autoloading during initialization is going
to be an error condition in future versions of Rails.

Reloading does not reboot the application, and therefore code executed during
initialization does not run again. So, if you reload RailsAdmin::ApplicationHelper, for example,
the expected changes won't be reflected in that stale Module object.

These autoloaded constants have been unloaded.

Please, check the "Autoloading and Reloading Constants" guide for solutions.
 (called from <main> at /var/www/dggirl/config/environment.rb:5)
  [1m[35m (0.5ms)[0m  [1m[35mSET NAMES utf8mb4,  @@SESSION.sql_mode = CONCAT(CONCAT(@@sql_mode, ',STRICT_ALL_TABLES'), ',NO_AUTO_VALUE_ON_ZERO'),  @@SESSION.sql_auto_is_null = 0, @@SESSION.wait_timeout = 2147483[0m
  [1m[35m (0.1ms)[0m  [1m[34mSELECT GET_LOCK('2826846412133084670', 0)[0m
  [1m[35m (0.2ms)[0m  [1m[34mSELECT `schema_migrations`.`version` FROM `schema_migrations` ORDER BY `schema_migrations`.`version` ASC[0m
  [1m[36mActiveRecord::InternalMetadata Load (0.3ms)[0m  [1m[34mSELECT `ar_internal_metadata`.* FROM `ar_internal_metadata` WHERE `ar_internal_metadata`.`key` = 'environment' LIMIT 1[0m
  [1m[35m (0.1ms)[0m  [1m[34mSELECT RELEASE_LOCK('2826846412133084670')[0m
  [1m[35m (0.2ms)[0m  [1m[35mSET NAMES utf8mb4,  @@SESSION.sql_mode = CONCAT(CONCAT(@@sql_mode, ',STRICT_ALL_TABLES'), ',NO_AUTO_VALUE_ON_ZERO'),  @@SESSION.sql_auto_is_null = 0, @@SESSION.wait_timeout = 2147483[0m
  [1m[35m (0.2ms)[0m  [1m[34mSELECT `schema_migrations`.`version` FROM `schema_migrations` ORDER BY `schema_migrations`.`version` ASC[0m
DEPRECATION WARNING: Initialization autoloaded the constants RailsAdmin::ApplicationHelper, RailsAdmin::MainHelper, RailsAdmin::ActionNotAllowed, RailsAdmin::ApplicationController, RailsAdmin::ObjectNotFound, RailsAdmin::ModelNotFound, ActionText::ContentHelper, and ActionText::TagHelper.

Being able to do this is deprecated. Autoloading during initialization is going
to be an error condition in future versions of Rails.

Reloading does not reboot the application, and therefore code executed during
initialization does not run again. So, if you reload RailsAdmin::ApplicationHelper, for example,
the expected changes won't be reflected in that stale Module object.

These autoloaded constants have been unloaded.

Please, check the "Autoloading and Reloading Constants" guide for solutions.
 (called from <main> at /var/www/dggirl/config/environment.rb:5)
DEPRECATION WARNING: Initialization autoloaded the constants RailsAdmin::ApplicationHelper, RailsAdmin::MainHelper, RailsAdmin::ModelNotFound, RailsAdmin::ObjectNotFound, RailsAdmin::ActionNotAllowed, RailsAdmin::ApplicationController, ActionText::ContentHelper, and ActionText::TagHelper.

Being able to do this is deprecated. Autoloading during initialization is going
to be an error condition in future versions of Rails.

Reloading does not reboot the application, and therefore code executed during
initialization does not run again. So, if you reload RailsAdmin::ApplicationHelper, for example,
the expected changes won't be reflected in that stale Module object.

These autoloaded constants have been unloaded.

Please, check the "Autoloading and Reloading Constants" guide for solutions.
 (called from <main> at /var/www/dggirl/config/environment.rb:5)
  [1m[35m (0.4ms)[0m  [1m[35mSET NAMES utf8mb4,  @@SESSION.sql_mode = CONCAT(CONCAT(@@sql_mode, ',STRICT_ALL_TABLES'), ',NO_AUTO_VALUE_ON_ZERO'),  @@SESSION.sql_auto_is_null = 0, @@SESSION.wait_timeout = 2147483[0m
  [1m[35m (0.1ms)[0m  [1m[34mSELECT GET_LOCK('2826846412133084670', 0)[0m
  [1m[35m (0.2ms)[0m  [1m[34mSELECT `schema_migrations`.`version` FROM `schema_migrations` ORDER BY `schema_migrations`.`version` ASC[0m
  [1m[36mActiveRecord::InternalMetadata Load (0.4ms)[0m  [1m[34mSELECT `ar_internal_metadata`.* FROM `ar_internal_metadata` WHERE `ar_internal_metadata`.`key` = 'environment' LIMIT 1[0m
  [1m[35m (0.2ms)[0m  [1m[34mSELECT RELEASE_LOCK('2826846412133084670')[0m
  [1m[35m (0.2ms)[0m  [1m[35mSET NAMES utf8mb4,  @@SESSION.sql_mode = CONCAT(CONCAT(@@sql_mode, ',STRICT_ALL_TABLES'), ',NO_AUTO_VALUE_ON_ZERO'),  @@SESSION.sql_auto_is_null = 0, @@SESSION.wait_timeout = 2147483[0m
  [1m[35m (0.2ms)[0m  [1m[34mSELECT `schema_migrations`.`version` FROM `schema_migrations` ORDER BY `schema_migrations`.`version` ASC[0m
DEPRECATION WARNING: Initialization autoloaded the constants RailsAdmin::ApplicationHelper, RailsAdmin::MainHelper, RailsAdmin::ModelNotFound, RailsAdmin::ObjectNotFound, RailsAdmin::ActionNotAllowed, RailsAdmin::ApplicationController, ActionText::ContentHelper, and ActionText::TagHelper.

Being able to do this is deprecated. Autoloading during initialization is going
to be an error condition in future versions of Rails.

Reloading does not reboot the application, and therefore code executed during
initialization does not run again. So, if you reload RailsAdmin::ApplicationHelper, for example,
the expected changes won't be reflected in that stale Module object.

These autoloaded constants have been unloaded.

Please, check the "Autoloading and Reloading Constants" guide for solutions.
 (called from <main> at /var/www/dggirl/config/environment.rb:5)
  [1m[35m (0.3ms)[0m  [1m[35mSET NAMES utf8mb4,  @@SESSION.sql_mode = CONCAT(CONCAT(@@sql_mode, ',STRICT_ALL_TABLES'), ',NO_AUTO_VALUE_ON_ZERO'),  @@SESSION.sql_auto_is_null = 0, @@SESSION.wait_timeout = 2147483[0m
  [1m[35m (0.1ms)[0m  [1m[34mSELECT GET_LOCK('2826846412133084670', 0)[0m
  [1m[35m (0.2ms)[0m  [1m[34mSELECT `schema_migrations`.`version` FROM `schema_migrations` ORDER BY `schema_migrations`.`version` ASC[0m
  [1m[36mActiveRecord::InternalMetadata Load (0.2ms)[0m  [1m[34mSELECT `ar_internal_metadata`.* FROM `ar_internal_metadata` WHERE `ar_internal_metadata`.`key` = 'environment' LIMIT 1[0m
  [1m[35m (0.1ms)[0m  [1m[34mSELECT RELEASE_LOCK('2826846412133084670')[0m
  [1m[35m (0.2ms)[0m  [1m[35mSET NAMES utf8mb4,  @@SESSION.sql_mode = CONCAT(CONCAT(@@sql_mode, ',STRICT_ALL_TABLES'), ',NO_AUTO_VALUE_ON_ZERO'),  @@SESSION.sql_auto_is_null = 0, @@SESSION.wait_timeout = 2147483[0m
  [1m[35m (0.2ms)[0m  [1m[34mSELECT `schema_migrations`.`version` FROM `schema_migrations` ORDER BY `schema_migrations`.`version` ASC[0m
DEPRECATION WARNING: Initialization autoloaded the constants RailsAdmin::ApplicationHelper, RailsAdmin::MainHelper, RailsAdmin::ActionNotAllowed, RailsAdmin::ApplicationController, RailsAdmin::ObjectNotFound, RailsAdmin::ModelNotFound, ActionText::ContentHelper, and ActionText::TagHelper.

Being able to do this is deprecated. Autoloading during initialization is going
to be an error condition in future versions of Rails.

Reloading does not reboot the application, and therefore code executed during
initialization does not run again. So, if you reload RailsAdmin::ApplicationHelper, for example,
the expected changes won't be reflected in that stale Module object.

These autoloaded constants have been unloaded.

Please, check the "Autoloading and Reloading Constants" guide for solutions.
 (called from <main> at /var/www/dggirl/config/environment.rb:5)
DEPRECATION WARNING: Initialization autoloaded the constants RailsAdmin::ApplicationHelper, RailsAdmin::MainHelper, RailsAdmin::ActionNotAllowed, RailsAdmin::ApplicationController, RailsAdmin::ObjectNotFound, RailsAdmin::ModelNotFound, ActionText::ContentHelper, and ActionText::TagHelper.

Being able to do this is deprecated. Autoloading during initialization is going
to be an error condition in future versions of Rails.

Reloading does not reboot the application, and therefore code executed during
initialization does not run again. So, if you reload RailsAdmin::ApplicationHelper, for example,
the expected changes won't be reflected in that stale Module object.

These autoloaded constants have been unloaded.

Please, check the "Autoloading and Reloading Constants" guide for solutions.
 (called from <main> at /var/www/dggirl/config/environment.rb:5)
DEPRECATION WARNING: Initialization autoloaded the constants RailsAdmin::ApplicationHelper, RailsAdmin::MainHelper, RailsAdmin::ApplicationController, RailsAdmin::ModelNotFound, RailsAdmin::ObjectNotFound, RailsAdmin::ActionNotAllowed, ActionText::ContentHelper, and ActionText::TagHelper.

Being able to do this is deprecated. Autoloading during initialization is going
to be an error condition in future versions of Rails.

Reloading does not reboot the application, and therefore code executed during
initialization does not run again. So, if you reload RailsAdmin::ApplicationHelper, for example,
the expected changes won't be reflected in that stale Module object.

These autoloaded constants have been unloaded.

Please, check the "Autoloading and Reloading Constants" guide for solutions.
 (called from <main> at /var/www/dggirl/config/environment.rb:5)
  [1m[35m (0.3ms)[0m  [1m[35mSET NAMES utf8mb4,  @@SESSION.sql_mode = CONCAT(CONCAT(@@sql_mode, ',STRICT_ALL_TABLES'), ',NO_AUTO_VALUE_ON_ZERO'),  @@SESSION.sql_auto_is_null = 0, @@SESSION.wait_timeout = 2147483[0m
  [1m[35m (0.1ms)[0m  [1m[34mSELECT GET_LOCK('2826846412133084670', 0)[0m
  [1m[35m (0.2ms)[0m  [1m[34mSELECT `schema_migrations`.`version` FROM `schema_migrations` ORDER BY `schema_migrations`.`version` ASC[0m
  [1m[36mActiveRecord::InternalMetadata Load (0.3ms)[0m  [1m[34mSELECT `ar_internal_metadata`.* FROM `ar_internal_metadata` WHERE `ar_internal_metadata`.`key` = 'environment' LIMIT 1[0m
  [1m[35m (0.1ms)[0m  [1m[34mSELECT RELEASE_LOCK('2826846412133084670')[0m
  [1m[35m (0.2ms)[0m  [1m[35mSET NAMES utf8mb4,  @@SESSION.sql_mode = CONCAT(CONCAT(@@sql_mode, ',STRICT_ALL_TABLES'), ',NO_AUTO_VALUE_ON_ZERO'),  @@SESSION.sql_auto_is_null = 0, @@SESSION.wait_timeout = 2147483[0m
  [1m[35m (0.2ms)[0m  [1m[34mSELECT `schema_migrations`.`version` FROM `schema_migrations` ORDER BY `schema_migrations`.`version` ASC[0m
DEPRECATION WARNING: Initialization autoloaded the constants RailsAdmin::ApplicationHelper, RailsAdmin::MainHelper, RailsAdmin::ApplicationController, RailsAdmin::ModelNotFound, RailsAdmin::ObjectNotFound, RailsAdmin::ActionNotAllowed, ActionText::ContentHelper, and ActionText::TagHelper.

Being able to do this is deprecated. Autoloading during initialization is going
to be an error condition in future versions of Rails.

Reloading does not reboot the application, and therefore code executed during
initialization does not run again. So, if you reload RailsAdmin::ApplicationHelper, for example,
the expected changes won't be reflected in that stale Module object.

These autoloaded constants have been unloaded.

Please, check the "Autoloading and Reloading Constants" guide for solutions.
 (called from <main> at /var/www/dggirl/config/environment.rb:5)
  [1m[35m (0.3ms)[0m  [1m[35mSET NAMES utf8mb4,  @@SESSION.sql_mode = CONCAT(CONCAT(@@sql_mode, ',STRICT_ALL_TABLES'), ',NO_AUTO_VALUE_ON_ZERO'),  @@SESSION.sql_auto_is_null = 0, @@SESSION.wait_timeout = 2147483[0m
  [1m[35m (0.2ms)[0m  [1m[34mSELECT `schema_migrations`.`version` FROM `schema_migrations` ORDER BY `schema_migrations`.`version` ASC[0m
  [1m[35m (0.2ms)[0m  [1m[34mSELECT `ar_internal_metadata`.`value` FROM `ar_internal_metadata` WHERE `ar_internal_metadata`.`key` = 'environment'[0m
  [1m[35m (0.5ms)[0m  [1m[34mSELECT `schema_migrations`.`version` FROM `schema_migrations` ORDER BY `schema_migrations`.`version` ASC[0m
  [1m[35m (0.3ms)[0m  [1m[34mSELECT `ar_internal_metadata`.`value` FROM `ar_internal_metadata` WHERE `ar_internal_metadata`.`key` = 'environment'[0m
  [1m[35m (0.2ms)[0m  [1m[34mSELECT `schema_migrations`.`version` FROM `schema_migrations` ORDER BY `schema_migrations`.`version` ASC[0m
  [1m[35m (0.5ms)[0m  [1m[34mSELECT `ar_internal_metadata`.`value` FROM `ar_internal_metadata` WHERE `ar_internal_metadata`.`key` = 'environment'[0m
  [1m[35m (0.2ms)[0m  [1m[35mSET NAMES utf8mb4,  @@SESSION.sql_mode = CONCAT(CONCAT(@@sql_mode, ',STRICT_ALL_TABLES'), ',NO_AUTO_VALUE_ON_ZERO'),  @@SESSION.sql_auto_is_null = 0, @@SESSION.wait_timeout = 2147483[0m
  [1m[35m (490.3ms)[0m  [1m[35mDROP DATABASE IF EXISTS `dggirl_development`[0m
  [1m[35m (0.2ms)[0m  [1m[35mSET NAMES utf8mb4,  @@SESSION.sql_mode = CONCAT(CONCAT(@@sql_mode, ',STRICT_ALL_TABLES'), ',NO_AUTO_VALUE_ON_ZERO'),  @@SESSION.sql_auto_is_null = 0, @@SESSION.wait_timeout = 2147483[0m
  [1m[35m (16.7ms)[0m  [1m[35mDROP DATABASE IF EXISTS `dggirl_test`[0m
DEPRECATION WARNING: Initialization autoloaded the constants RailsAdmin::ApplicationHelper, RailsAdmin::MainHelper, RailsAdmin::ApplicationController, RailsAdmin::ModelNotFound, RailsAdmin::ObjectNotFound, RailsAdmin::ActionNotAllowed, ActionText::ContentHelper, and ActionText::TagHelper.

Being able to do this is deprecated. Autoloading during initialization is going
to be an error condition in future versions of Rails.

Reloading does not reboot the application, and therefore code executed during
initialization does not run again. So, if you reload RailsAdmin::ApplicationHelper, for example,
the expected changes won't be reflected in that stale Module object.

These autoloaded constants have been unloaded.

Please, check the "Autoloading and Reloading Constants" guide for solutions.
 (called from <main> at /var/www/dggirl/config/environment.rb:5)
DEPRECATION WARNING: Initialization autoloaded the constants RailsAdmin::ApplicationHelper, RailsAdmin::MainHelper, RailsAdmin::ModelNotFound, RailsAdmin::ObjectNotFound, RailsAdmin::ActionNotAllowed, RailsAdmin::ApplicationController, ActionText::ContentHelper, and ActionText::TagHelper.

Being able to do this is deprecated. Autoloading during initialization is going
to be an error condition in future versions of Rails.

Reloading does not reboot the application, and therefore code executed during
initialization does not run again. So, if you reload RailsAdmin::ApplicationHelper, for example,
the expected changes won't be reflected in that stale Module object.

These autoloaded constants have been unloaded.

Please, check the "Autoloading and Reloading Constants" guide for solutions.
 (called from <main> at /var/www/dggirl/config/environment.rb:5)
  [1m[35m (0.4ms)[0m  [1m[35mSET NAMES utf8mb4,  @@SESSION.sql_mode = CONCAT(CONCAT(@@sql_mode, ',STRICT_ALL_TABLES'), ',NO_AUTO_VALUE_ON_ZERO'),  @@SESSION.sql_auto_is_null = 0, @@SESSION.wait_timeout = 2147483[0m
  [1m[35m (0.3ms)[0m  [1m[35mCREATE DATABASE `dggirl_development` DEFAULT CHARACTER SET `utf8mb4`[0m
  [1m[35m (0.2ms)[0m  [1m[35mSET NAMES utf8mb4,  @@SESSION.sql_mode = CONCAT(CONCAT(@@sql_mode, ',STRICT_ALL_TABLES'), ',NO_AUTO_VALUE_ON_ZERO'),  @@SESSION.sql_auto_is_null = 0, @@SESSION.wait_timeout = 2147483[0m
  [1m[35m (0.2ms)[0m  [1m[35mCREATE DATABASE `dggirl_test` DEFAULT CHARACTER SET `utf8mb4`[0m
DEPRECATION WARNING: Initialization autoloaded the constants RailsAdmin::ApplicationHelper, RailsAdmin::MainHelper, RailsAdmin::ModelNotFound, RailsAdmin::ObjectNotFound, RailsAdmin::ActionNotAllowed, RailsAdmin::ApplicationController, ActionText::ContentHelper, and ActionText::TagHelper.

Being able to do this is deprecated. Autoloading during initialization is going
to be an error condition in future versions of Rails.

Reloading does not reboot the application, and therefore code executed during
initialization does not run again. So, if you reload RailsAdmin::ApplicationHelper, for example,
the expected changes won't be reflected in that stale Module object.

These autoloaded constants have been unloaded.

Please, check the "Autoloading and Reloading Constants" guide for solutions.
 (called from <main> at /var/www/dggirl/config/environment.rb:5)
  [1m[35m (0.3ms)[0m  [1m[35mSET NAMES utf8mb4,  @@SESSION.sql_mode = CONCAT(CONCAT(@@sql_mode, ',STRICT_ALL_TABLES'), ',NO_AUTO_VALUE_ON_ZERO'),  @@SESSION.sql_auto_is_null = 0, @@SESSION.wait_timeout = 2147483[0m
  [1m[35m (806.9ms)[0m  [1m[35mCREATE TABLE `schema_migrations` (`version` varchar(255) NOT NULL PRIMARY KEY)[0m
  [1m[35m (171.0ms)[0m  [1m[35mCREATE TABLE `ar_internal_metadata` (`key` varchar(255) NOT NULL PRIMARY KEY, `value` varchar(255), `created_at` datetime(6) NOT NULL, `updated_at` datetime(6) NOT NULL)[0m
  [1m[35m (0.1ms)[0m  [1m[34mSELECT GET_LOCK('2826846412133084670', 0)[0m
  [1m[35m (0.2ms)[0m  [1m[34mSELECT `schema_migrations`.`version` FROM `schema_migrations` ORDER BY `schema_migrations`.`version` ASC[0m
Migrating to CreateCategories (20191027015619)
  [1m[35m (155.9ms)[0m  [1m[35mCREATE TABLE `categories` (`id` bigint NOT NULL AUTO_INCREMENT PRIMARY KEY, `code` int, `name` varchar(255), `created_at` datetime(6) NOT NULL, `updated_at` datetime(6) NOT NULL)[0m
  [1m[35m (0.1ms)[0m  [1m[35mBEGIN[0m
  [1m[36mprimary::SchemaMigration Create (0.3ms)[0m  [1m[32mINSERT INTO `schema_migrations` (`version`) VALUES ('20191027015619')[0m
  [1m[35m (31.6ms)[0m  [1m[35mCOMMIT[0m
Migrating to CreateProducts (20191027015755)
  [1m[35m (200.7ms)[0m  [1m[35mCREATE TABLE `products` (`id` bigint NOT NULL AUTO_INCREMENT PRIMARY KEY, `code` int, `name` varchar(255), `description` text, `image` varchar(255), `category_id` bigint NOT NULL, `created_at` datetime(6) NOT NULL, `updated_at` datetime(6) NOT NULL,  INDEX `index_products_on_category_id`  (`category_id`), CONSTRAINT `fk_rails_fb915499a4`
FOREIGN KEY (`category_id`)
  REFERENCES `categories` (`id`)
)[0m
  [1m[35m (0.1ms)[0m  [1m[35mBEGIN[0m
  [1m[36mprimary::SchemaMigration Create (2.5ms)[0m  [1m[32mINSERT INTO `schema_migrations` (`version`) VALUES ('20191027015755')[0m
  [1m[35m (44.7ms)[0m  [1m[35mCOMMIT[0m
  [1m[36mActiveRecord::InternalMetadata Load (0.3ms)[0m  [1m[34mSELECT `ar_internal_metadata`.* FROM `ar_internal_metadata` WHERE `ar_internal_metadata`.`key` = 'environment' LIMIT 1[0m
  [1m[35m (0.1ms)[0m  [1m[35mBEGIN[0m
  [1m[36mActiveRecord::InternalMetadata Create (0.2ms)[0m  [1m[32mINSERT INTO `ar_internal_metadata` (`key`, `value`, `created_at`, `updated_at`) VALUES ('environment', 'development', '2019-10-27 05:26:44.972134', '2019-10-27 05:26:44.972134')[0m
  [1m[35m (24.3ms)[0m  [1m[35mCOMMIT[0m
  [1m[35m (0.1ms)[0m  [1m[34mSELECT RELEASE_LOCK('2826846412133084670')[0m
  [1m[35m (0.2ms)[0m  [1m[35mSET NAMES utf8mb4,  @@SESSION.sql_mode = CONCAT(CONCAT(@@sql_mode, ',STRICT_ALL_TABLES'), ',NO_AUTO_VALUE_ON_ZERO'),  @@SESSION.sql_auto_is_null = 0, @@SESSION.wait_timeout = 2147483[0m
  [1m[35m (0.2ms)[0m  [1m[34mSELECT `schema_migrations`.`version` FROM `schema_migrations` ORDER BY `schema_migrations`.`version` ASC[0m
DEPRECATION WARNING: Initialization autoloaded the constants RailsAdmin::ApplicationHelper, RailsAdmin::MainHelper, RailsAdmin::ActionNotAllowed, RailsAdmin::ApplicationController, RailsAdmin::ObjectNotFound, RailsAdmin::ModelNotFound, ActionText::ContentHelper, and ActionText::TagHelper.

Being able to do this is deprecated. Autoloading during initialization is going
to be an error condition in future versions of Rails.

Reloading does not reboot the application, and therefore code executed during
initialization does not run again. So, if you reload RailsAdmin::ApplicationHelper, for example,
the expected changes won't be reflected in that stale Module object.

These autoloaded constants have been unloaded.

Please, check the "Autoloading and Reloading Constants" guide for solutions.
 (called from <main> at /var/www/dggirl/config/environment.rb:5)
