I, [2019-10-27T02:39:24.764844 #4173]  INFO -- : [94dd7cc1-fc33-4706-86ff-0a128bcbc94a] Started GET "/" for 127.0.0.1 at 2019-10-27 02:39:24 +0000
F, [2019-10-27T02:39:24.765805 #4173] FATAL -- : [94dd7cc1-fc33-4706-86ff-0a128bcbc94a]   
[94dd7cc1-fc33-4706-86ff-0a128bcbc94a] ActionController::RoutingError (No route matches [GET] "/"):
[94dd7cc1-fc33-4706-86ff-0a128bcbc94a]   
[94dd7cc1-fc33-4706-86ff-0a128bcbc94a] actionpack (6.0.0) lib/action_dispatch/middleware/debug_exceptions.rb:36:in `call'
[94dd7cc1-fc33-4706-86ff-0a128bcbc94a] actionpack (6.0.0) lib/action_dispatch/middleware/show_exceptions.rb:33:in `call'
[94dd7cc1-fc33-4706-86ff-0a128bcbc94a] railties (6.0.0) lib/rails/rack/logger.rb:38:in `call_app'
[94dd7cc1-fc33-4706-86ff-0a128bcbc94a] railties (6.0.0) lib/rails/rack/logger.rb:26:in `block in call'
[94dd7cc1-fc33-4706-86ff-0a128bcbc94a] activesupport (6.0.0) lib/active_support/tagged_logging.rb:80:in `block in tagged'
[94dd7cc1-fc33-4706-86ff-0a128bcbc94a] activesupport (6.0.0) lib/active_support/tagged_logging.rb:28:in `tagged'
[94dd7cc1-fc33-4706-86ff-0a128bcbc94a] activesupport (6.0.0) lib/active_support/tagged_logging.rb:80:in `tagged'
[94dd7cc1-fc33-4706-86ff-0a128bcbc94a] railties (6.0.0) lib/rails/rack/logger.rb:26:in `call'
[94dd7cc1-fc33-4706-86ff-0a128bcbc94a] actionpack (6.0.0) lib/action_dispatch/middleware/remote_ip.rb:81:in `call'
[94dd7cc1-fc33-4706-86ff-0a128bcbc94a] actionpack (6.0.0) lib/action_dispatch/middleware/request_id.rb:27:in `call'
[94dd7cc1-fc33-4706-86ff-0a128bcbc94a] rack (2.0.7) lib/rack/method_override.rb:22:in `call'
[94dd7cc1-fc33-4706-86ff-0a128bcbc94a] rack (2.0.7) lib/rack/runtime.rb:22:in `call'
[94dd7cc1-fc33-4706-86ff-0a128bcbc94a] activesupport (6.0.0) lib/active_support/cache/strategy/local_cache_middleware.rb:29:in `call'
[94dd7cc1-fc33-4706-86ff-0a128bcbc94a] actionpack (6.0.0) lib/action_dispatch/middleware/executor.rb:14:in `call'
[94dd7cc1-fc33-4706-86ff-0a128bcbc94a] rack (2.0.7) lib/rack/sendfile.rb:111:in `call'
[94dd7cc1-fc33-4706-86ff-0a128bcbc94a] actionpack (6.0.0) lib/action_dispatch/middleware/host_authorization.rb:77:in `call'
[94dd7cc1-fc33-4706-86ff-0a128bcbc94a] railties (6.0.0) lib/rails/engine.rb:526:in `call'
[94dd7cc1-fc33-4706-86ff-0a128bcbc94a] /usr/lib/ruby/vendor_ruby/phusion_passenger/rack/thread_handler_extension.rb:97:in `process_request'
[94dd7cc1-fc33-4706-86ff-0a128bcbc94a] /usr/lib/ruby/vendor_ruby/phusion_passenger/request_handler/thread_handler.rb:149:in `accept_and_process_next_request'
[94dd7cc1-fc33-4706-86ff-0a128bcbc94a] /usr/lib/ruby/vendor_ruby/phusion_passenger/request_handler/thread_handler.rb:110:in `main_loop'
[94dd7cc1-fc33-4706-86ff-0a128bcbc94a] /usr/lib/ruby/vendor_ruby/phusion_passenger/request_handler.rb:415:in `block (3 levels) in start_threads'
[94dd7cc1-fc33-4706-86ff-0a128bcbc94a] /usr/lib/ruby/vendor_ruby/phusion_passenger/utils.rb:113:in `block in create_thread_and_abort_on_exception'
I, [2019-10-27T02:39:38.871955 #4173]  INFO -- : [28ef87a3-0150-4310-83e8-21f11f384f16] Started GET "/" for 45.234.149.6 at 2019-10-27 02:39:38 +0000
F, [2019-10-27T02:39:38.872527 #4173] FATAL -- : [28ef87a3-0150-4310-83e8-21f11f384f16]   
[28ef87a3-0150-4310-83e8-21f11f384f16] ActionController::RoutingError (No route matches [GET] "/"):
[28ef87a3-0150-4310-83e8-21f11f384f16]   
[28ef87a3-0150-4310-83e8-21f11f384f16] actionpack (6.0.0) lib/action_dispatch/middleware/debug_exceptions.rb:36:in `call'
[28ef87a3-0150-4310-83e8-21f11f384f16] actionpack (6.0.0) lib/action_dispatch/middleware/show_exceptions.rb:33:in `call'
[28ef87a3-0150-4310-83e8-21f11f384f16] railties (6.0.0) lib/rails/rack/logger.rb:38:in `call_app'
[28ef87a3-0150-4310-83e8-21f11f384f16] railties (6.0.0) lib/rails/rack/logger.rb:26:in `block in call'
[28ef87a3-0150-4310-83e8-21f11f384f16] activesupport (6.0.0) lib/active_support/tagged_logging.rb:80:in `block in tagged'
[28ef87a3-0150-4310-83e8-21f11f384f16] activesupport (6.0.0) lib/active_support/tagged_logging.rb:28:in `tagged'
[28ef87a3-0150-4310-83e8-21f11f384f16] activesupport (6.0.0) lib/active_support/tagged_logging.rb:80:in `tagged'
[28ef87a3-0150-4310-83e8-21f11f384f16] railties (6.0.0) lib/rails/rack/logger.rb:26:in `call'
[28ef87a3-0150-4310-83e8-21f11f384f16] actionpack (6.0.0) lib/action_dispatch/middleware/remote_ip.rb:81:in `call'
[28ef87a3-0150-4310-83e8-21f11f384f16] actionpack (6.0.0) lib/action_dispatch/middleware/request_id.rb:27:in `call'
[28ef87a3-0150-4310-83e8-21f11f384f16] rack (2.0.7) lib/rack/method_override.rb:22:in `call'
[28ef87a3-0150-4310-83e8-21f11f384f16] rack (2.0.7) lib/rack/runtime.rb:22:in `call'
[28ef87a3-0150-4310-83e8-21f11f384f16] activesupport (6.0.0) lib/active_support/cache/strategy/local_cache_middleware.rb:29:in `call'
[28ef87a3-0150-4310-83e8-21f11f384f16] actionpack (6.0.0) lib/action_dispatch/middleware/executor.rb:14:in `call'
[28ef87a3-0150-4310-83e8-21f11f384f16] rack (2.0.7) lib/rack/sendfile.rb:111:in `call'
[28ef87a3-0150-4310-83e8-21f11f384f16] actionpack (6.0.0) lib/action_dispatch/middleware/host_authorization.rb:77:in `call'
[28ef87a3-0150-4310-83e8-21f11f384f16] railties (6.0.0) lib/rails/engine.rb:526:in `call'
[28ef87a3-0150-4310-83e8-21f11f384f16] /usr/lib/ruby/vendor_ruby/phusion_passenger/rack/thread_handler_extension.rb:97:in `process_request'
[28ef87a3-0150-4310-83e8-21f11f384f16] /usr/lib/ruby/vendor_ruby/phusion_passenger/request_handler/thread_handler.rb:149:in `accept_and_process_next_request'
[28ef87a3-0150-4310-83e8-21f11f384f16] /usr/lib/ruby/vendor_ruby/phusion_passenger/request_handler/thread_handler.rb:110:in `main_loop'
[28ef87a3-0150-4310-83e8-21f11f384f16] /usr/lib/ruby/vendor_ruby/phusion_passenger/request_handler.rb:415:in `block (3 levels) in start_threads'
[28ef87a3-0150-4310-83e8-21f11f384f16] /usr/lib/ruby/vendor_ruby/phusion_passenger/utils.rb:113:in `block in create_thread_and_abort_on_exception'
I, [2019-10-27T02:43:39.283716 #4800]  INFO -- : [a494eb63-3e41-449c-87b2-232eaadc7aba] Started GET "/" for 45.234.149.6 at 2019-10-27 02:43:39 +0000
F, [2019-10-27T02:43:39.284935 #4800] FATAL -- : [a494eb63-3e41-449c-87b2-232eaadc7aba]   
[a494eb63-3e41-449c-87b2-232eaadc7aba] ActionController::RoutingError (No route matches [GET] "/"):
[a494eb63-3e41-449c-87b2-232eaadc7aba]   
[a494eb63-3e41-449c-87b2-232eaadc7aba] actionpack (6.0.0) lib/action_dispatch/middleware/debug_exceptions.rb:36:in `call'
[a494eb63-3e41-449c-87b2-232eaadc7aba] actionpack (6.0.0) lib/action_dispatch/middleware/show_exceptions.rb:33:in `call'
[a494eb63-3e41-449c-87b2-232eaadc7aba] railties (6.0.0) lib/rails/rack/logger.rb:38:in `call_app'
[a494eb63-3e41-449c-87b2-232eaadc7aba] railties (6.0.0) lib/rails/rack/logger.rb:26:in `block in call'
[a494eb63-3e41-449c-87b2-232eaadc7aba] activesupport (6.0.0) lib/active_support/tagged_logging.rb:80:in `block in tagged'
[a494eb63-3e41-449c-87b2-232eaadc7aba] activesupport (6.0.0) lib/active_support/tagged_logging.rb:28:in `tagged'
[a494eb63-3e41-449c-87b2-232eaadc7aba] activesupport (6.0.0) lib/active_support/tagged_logging.rb:80:in `tagged'
[a494eb63-3e41-449c-87b2-232eaadc7aba] railties (6.0.0) lib/rails/rack/logger.rb:26:in `call'
[a494eb63-3e41-449c-87b2-232eaadc7aba] actionpack (6.0.0) lib/action_dispatch/middleware/remote_ip.rb:81:in `call'
[a494eb63-3e41-449c-87b2-232eaadc7aba] actionpack (6.0.0) lib/action_dispatch/middleware/request_id.rb:27:in `call'
[a494eb63-3e41-449c-87b2-232eaadc7aba] rack (2.0.7) lib/rack/method_override.rb:22:in `call'
[a494eb63-3e41-449c-87b2-232eaadc7aba] rack (2.0.7) lib/rack/runtime.rb:22:in `call'
[a494eb63-3e41-449c-87b2-232eaadc7aba] activesupport (6.0.0) lib/active_support/cache/strategy/local_cache_middleware.rb:29:in `call'
[a494eb63-3e41-449c-87b2-232eaadc7aba] actionpack (6.0.0) lib/action_dispatch/middleware/executor.rb:14:in `call'
[a494eb63-3e41-449c-87b2-232eaadc7aba] rack (2.0.7) lib/rack/sendfile.rb:111:in `call'
[a494eb63-3e41-449c-87b2-232eaadc7aba] actionpack (6.0.0) lib/action_dispatch/middleware/host_authorization.rb:77:in `call'
[a494eb63-3e41-449c-87b2-232eaadc7aba] railties (6.0.0) lib/rails/engine.rb:526:in `call'
[a494eb63-3e41-449c-87b2-232eaadc7aba] /usr/lib/ruby/vendor_ruby/phusion_passenger/rack/thread_handler_extension.rb:97:in `process_request'
[a494eb63-3e41-449c-87b2-232eaadc7aba] /usr/lib/ruby/vendor_ruby/phusion_passenger/request_handler/thread_handler.rb:149:in `accept_and_process_next_request'
[a494eb63-3e41-449c-87b2-232eaadc7aba] /usr/lib/ruby/vendor_ruby/phusion_passenger/request_handler/thread_handler.rb:110:in `main_loop'
[a494eb63-3e41-449c-87b2-232eaadc7aba] /usr/lib/ruby/vendor_ruby/phusion_passenger/request_handler.rb:415:in `block (3 levels) in start_threads'
[a494eb63-3e41-449c-87b2-232eaadc7aba] /usr/lib/ruby/vendor_ruby/phusion_passenger/utils.rb:113:in `block in create_thread_and_abort_on_exception'
I, [2019-10-27T02:46:20.318972 #4800]  INFO -- : [3f2826fe-af27-4598-8789-f9fee0a24153] Started GET "/" for 45.234.149.6 at 2019-10-27 02:46:20 +0000
F, [2019-10-27T02:46:20.319572 #4800] FATAL -- : [3f2826fe-af27-4598-8789-f9fee0a24153]   
[3f2826fe-af27-4598-8789-f9fee0a24153] ActionController::RoutingError (No route matches [GET] "/"):
[3f2826fe-af27-4598-8789-f9fee0a24153]   
[3f2826fe-af27-4598-8789-f9fee0a24153] actionpack (6.0.0) lib/action_dispatch/middleware/debug_exceptions.rb:36:in `call'
[3f2826fe-af27-4598-8789-f9fee0a24153] actionpack (6.0.0) lib/action_dispatch/middleware/show_exceptions.rb:33:in `call'
[3f2826fe-af27-4598-8789-f9fee0a24153] railties (6.0.0) lib/rails/rack/logger.rb:38:in `call_app'
[3f2826fe-af27-4598-8789-f9fee0a24153] railties (6.0.0) lib/rails/rack/logger.rb:26:in `block in call'
[3f2826fe-af27-4598-8789-f9fee0a24153] activesupport (6.0.0) lib/active_support/tagged_logging.rb:80:in `block in tagged'
[3f2826fe-af27-4598-8789-f9fee0a24153] activesupport (6.0.0) lib/active_support/tagged_logging.rb:28:in `tagged'
[3f2826fe-af27-4598-8789-f9fee0a24153] activesupport (6.0.0) lib/active_support/tagged_logging.rb:80:in `tagged'
[3f2826fe-af27-4598-8789-f9fee0a24153] railties (6.0.0) lib/rails/rack/logger.rb:26:in `call'
[3f2826fe-af27-4598-8789-f9fee0a24153] actionpack (6.0.0) lib/action_dispatch/middleware/remote_ip.rb:81:in `call'
[3f2826fe-af27-4598-8789-f9fee0a24153] actionpack (6.0.0) lib/action_dispatch/middleware/request_id.rb:27:in `call'
[3f2826fe-af27-4598-8789-f9fee0a24153] rack (2.0.7) lib/rack/method_override.rb:22:in `call'
[3f2826fe-af27-4598-8789-f9fee0a24153] rack (2.0.7) lib/rack/runtime.rb:22:in `call'
[3f2826fe-af27-4598-8789-f9fee0a24153] activesupport (6.0.0) lib/active_support/cache/strategy/local_cache_middleware.rb:29:in `call'
[3f2826fe-af27-4598-8789-f9fee0a24153] actionpack (6.0.0) lib/action_dispatch/middleware/executor.rb:14:in `call'
[3f2826fe-af27-4598-8789-f9fee0a24153] rack (2.0.7) lib/rack/sendfile.rb:111:in `call'
[3f2826fe-af27-4598-8789-f9fee0a24153] actionpack (6.0.0) lib/action_dispatch/middleware/host_authorization.rb:77:in `call'
[3f2826fe-af27-4598-8789-f9fee0a24153] railties (6.0.0) lib/rails/engine.rb:526:in `call'
[3f2826fe-af27-4598-8789-f9fee0a24153] /usr/lib/ruby/vendor_ruby/phusion_passenger/rack/thread_handler_extension.rb:97:in `process_request'
[3f2826fe-af27-4598-8789-f9fee0a24153] /usr/lib/ruby/vendor_ruby/phusion_passenger/request_handler/thread_handler.rb:149:in `accept_and_process_next_request'
[3f2826fe-af27-4598-8789-f9fee0a24153] /usr/lib/ruby/vendor_ruby/phusion_passenger/request_handler/thread_handler.rb:110:in `main_loop'
[3f2826fe-af27-4598-8789-f9fee0a24153] /usr/lib/ruby/vendor_ruby/phusion_passenger/request_handler.rb:415:in `block (3 levels) in start_threads'
[3f2826fe-af27-4598-8789-f9fee0a24153] /usr/lib/ruby/vendor_ruby/phusion_passenger/utils.rb:113:in `block in create_thread_and_abort_on_exception'
I, [2019-10-27T02:46:24.286090 #4800]  INFO -- : [e9d97e2b-6bd6-436c-974a-5545ccc550fd] Started GET "/" for 45.234.149.6 at 2019-10-27 02:46:24 +0000
F, [2019-10-27T02:46:24.286720 #4800] FATAL -- : [e9d97e2b-6bd6-436c-974a-5545ccc550fd]   
[e9d97e2b-6bd6-436c-974a-5545ccc550fd] ActionController::RoutingError (No route matches [GET] "/"):
[e9d97e2b-6bd6-436c-974a-5545ccc550fd]   
[e9d97e2b-6bd6-436c-974a-5545ccc550fd] actionpack (6.0.0) lib/action_dispatch/middleware/debug_exceptions.rb:36:in `call'
[e9d97e2b-6bd6-436c-974a-5545ccc550fd] actionpack (6.0.0) lib/action_dispatch/middleware/show_exceptions.rb:33:in `call'
[e9d97e2b-6bd6-436c-974a-5545ccc550fd] railties (6.0.0) lib/rails/rack/logger.rb:38:in `call_app'
[e9d97e2b-6bd6-436c-974a-5545ccc550fd] railties (6.0.0) lib/rails/rack/logger.rb:26:in `block in call'
[e9d97e2b-6bd6-436c-974a-5545ccc550fd] activesupport (6.0.0) lib/active_support/tagged_logging.rb:80:in `block in tagged'
[e9d97e2b-6bd6-436c-974a-5545ccc550fd] activesupport (6.0.0) lib/active_support/tagged_logging.rb:28:in `tagged'
[e9d97e2b-6bd6-436c-974a-5545ccc550fd] activesupport (6.0.0) lib/active_support/tagged_logging.rb:80:in `tagged'
[e9d97e2b-6bd6-436c-974a-5545ccc550fd] railties (6.0.0) lib/rails/rack/logger.rb:26:in `call'
[e9d97e2b-6bd6-436c-974a-5545ccc550fd] actionpack (6.0.0) lib/action_dispatch/middleware/remote_ip.rb:81:in `call'
[e9d97e2b-6bd6-436c-974a-5545ccc550fd] actionpack (6.0.0) lib/action_dispatch/middleware/request_id.rb:27:in `call'
[e9d97e2b-6bd6-436c-974a-5545ccc550fd] rack (2.0.7) lib/rack/method_override.rb:22:in `call'
[e9d97e2b-6bd6-436c-974a-5545ccc550fd] rack (2.0.7) lib/rack/runtime.rb:22:in `call'
[e9d97e2b-6bd6-436c-974a-5545ccc550fd] activesupport (6.0.0) lib/active_support/cache/strategy/local_cache_middleware.rb:29:in `call'
[e9d97e2b-6bd6-436c-974a-5545ccc550fd] actionpack (6.0.0) lib/action_dispatch/middleware/executor.rb:14:in `call'
[e9d97e2b-6bd6-436c-974a-5545ccc550fd] rack (2.0.7) lib/rack/sendfile.rb:111:in `call'
[e9d97e2b-6bd6-436c-974a-5545ccc550fd] actionpack (6.0.0) lib/action_dispatch/middleware/host_authorization.rb:77:in `call'
[e9d97e2b-6bd6-436c-974a-5545ccc550fd] railties (6.0.0) lib/rails/engine.rb:526:in `call'
[e9d97e2b-6bd6-436c-974a-5545ccc550fd] /usr/lib/ruby/vendor_ruby/phusion_passenger/rack/thread_handler_extension.rb:97:in `process_request'
[e9d97e2b-6bd6-436c-974a-5545ccc550fd] /usr/lib/ruby/vendor_ruby/phusion_passenger/request_handler/thread_handler.rb:149:in `accept_and_process_next_request'
[e9d97e2b-6bd6-436c-974a-5545ccc550fd] /usr/lib/ruby/vendor_ruby/phusion_passenger/request_handler/thread_handler.rb:110:in `main_loop'
[e9d97e2b-6bd6-436c-974a-5545ccc550fd] /usr/lib/ruby/vendor_ruby/phusion_passenger/request_handler.rb:415:in `block (3 levels) in start_threads'
[e9d97e2b-6bd6-436c-974a-5545ccc550fd] /usr/lib/ruby/vendor_ruby/phusion_passenger/utils.rb:113:in `block in create_thread_and_abort_on_exception'
I, [2019-10-27T02:47:08.340123 #4800]  INFO -- : [b5664d5e-ea9f-4107-bcd7-9eb346cfad3f] Started GET "/" for 45.234.149.6 at 2019-10-27 02:47:08 +0000
F, [2019-10-27T02:47:08.340764 #4800] FATAL -- : [b5664d5e-ea9f-4107-bcd7-9eb346cfad3f]   
[b5664d5e-ea9f-4107-bcd7-9eb346cfad3f] ActionController::RoutingError (No route matches [GET] "/"):
[b5664d5e-ea9f-4107-bcd7-9eb346cfad3f]   
[b5664d5e-ea9f-4107-bcd7-9eb346cfad3f] actionpack (6.0.0) lib/action_dispatch/middleware/debug_exceptions.rb:36:in `call'
[b5664d5e-ea9f-4107-bcd7-9eb346cfad3f] actionpack (6.0.0) lib/action_dispatch/middleware/show_exceptions.rb:33:in `call'
[b5664d5e-ea9f-4107-bcd7-9eb346cfad3f] railties (6.0.0) lib/rails/rack/logger.rb:38:in `call_app'
[b5664d5e-ea9f-4107-bcd7-9eb346cfad3f] railties (6.0.0) lib/rails/rack/logger.rb:26:in `block in call'
[b5664d5e-ea9f-4107-bcd7-9eb346cfad3f] activesupport (6.0.0) lib/active_support/tagged_logging.rb:80:in `block in tagged'
[b5664d5e-ea9f-4107-bcd7-9eb346cfad3f] activesupport (6.0.0) lib/active_support/tagged_logging.rb:28:in `tagged'
[b5664d5e-ea9f-4107-bcd7-9eb346cfad3f] activesupport (6.0.0) lib/active_support/tagged_logging.rb:80:in `tagged'
[b5664d5e-ea9f-4107-bcd7-9eb346cfad3f] railties (6.0.0) lib/rails/rack/logger.rb:26:in `call'
[b5664d5e-ea9f-4107-bcd7-9eb346cfad3f] actionpack (6.0.0) lib/action_dispatch/middleware/remote_ip.rb:81:in `call'
[b5664d5e-ea9f-4107-bcd7-9eb346cfad3f] actionpack (6.0.0) lib/action_dispatch/middleware/request_id.rb:27:in `call'
[b5664d5e-ea9f-4107-bcd7-9eb346cfad3f] rack (2.0.7) lib/rack/method_override.rb:22:in `call'
[b5664d5e-ea9f-4107-bcd7-9eb346cfad3f] rack (2.0.7) lib/rack/runtime.rb:22:in `call'
[b5664d5e-ea9f-4107-bcd7-9eb346cfad3f] activesupport (6.0.0) lib/active_support/cache/strategy/local_cache_middleware.rb:29:in `call'
[b5664d5e-ea9f-4107-bcd7-9eb346cfad3f] actionpack (6.0.0) lib/action_dispatch/middleware/executor.rb:14:in `call'
[b5664d5e-ea9f-4107-bcd7-9eb346cfad3f] rack (2.0.7) lib/rack/sendfile.rb:111:in `call'
[b5664d5e-ea9f-4107-bcd7-9eb346cfad3f] actionpack (6.0.0) lib/action_dispatch/middleware/host_authorization.rb:77:in `call'
[b5664d5e-ea9f-4107-bcd7-9eb346cfad3f] railties (6.0.0) lib/rails/engine.rb:526:in `call'
[b5664d5e-ea9f-4107-bcd7-9eb346cfad3f] /usr/lib/ruby/vendor_ruby/phusion_passenger/rack/thread_handler_extension.rb:97:in `process_request'
[b5664d5e-ea9f-4107-bcd7-9eb346cfad3f] /usr/lib/ruby/vendor_ruby/phusion_passenger/request_handler/thread_handler.rb:149:in `accept_and_process_next_request'
[b5664d5e-ea9f-4107-bcd7-9eb346cfad3f] /usr/lib/ruby/vendor_ruby/phusion_passenger/request_handler/thread_handler.rb:110:in `main_loop'
[b5664d5e-ea9f-4107-bcd7-9eb346cfad3f] /usr/lib/ruby/vendor_ruby/phusion_passenger/request_handler.rb:415:in `block (3 levels) in start_threads'
[b5664d5e-ea9f-4107-bcd7-9eb346cfad3f] /usr/lib/ruby/vendor_ruby/phusion_passenger/utils.rb:113:in `block in create_thread_and_abort_on_exception'
D, [2019-10-27T02:53:12.782236 #16669] DEBUG -- :   [1m[35m (3.2ms)[0m  [1m[35mSET NAMES utf8mb4,  @@SESSION.sql_mode = CONCAT(CONCAT(@@sql_mode, ',STRICT_ALL_TABLES'), ',NO_AUTO_VALUE_ON_ZERO'),  @@SESSION.sql_auto_is_null = 0, @@SESSION.wait_timeout = 2147483[0m
D, [2019-10-27T02:53:12.782942 #16669] DEBUG -- :   [1m[35m (0.2ms)[0m  [1m[35mCREATE DATABASE `dggirl_production` DEFAULT CHARACTER SET `utf8mb4`[0m
D, [2019-10-27T02:53:26.380357 #16736] DEBUG -- :   [1m[35m (0.3ms)[0m  [1m[35mSET NAMES utf8mb4,  @@SESSION.sql_mode = CONCAT(CONCAT(@@sql_mode, ',STRICT_ALL_TABLES'), ',NO_AUTO_VALUE_ON_ZERO'),  @@SESSION.sql_auto_is_null = 0, @@SESSION.wait_timeout = 2147483[0m
D, [2019-10-27T02:53:26.586913 #16736] DEBUG -- :   [1m[35m (173.2ms)[0m  [1m[35mCREATE TABLE `schema_migrations` (`version` varchar(255) NOT NULL PRIMARY KEY)[0m
D, [2019-10-27T02:53:26.764983 #16736] DEBUG -- :   [1m[35m (175.8ms)[0m  [1m[35mCREATE TABLE `ar_internal_metadata` (`key` varchar(255) NOT NULL PRIMARY KEY, `value` varchar(255), `created_at` datetime(6) NOT NULL, `updated_at` datetime(6) NOT NULL)[0m
D, [2019-10-27T02:53:26.765783 #16736] DEBUG -- :   [1m[35m (0.2ms)[0m  [1m[34mSELECT GET_LOCK('7540525931787693180', 0)[0m
D, [2019-10-27T02:53:26.777575 #16736] DEBUG -- :   [1m[35m (0.2ms)[0m  [1m[34mSELECT `schema_migrations`.`version` FROM `schema_migrations` ORDER BY `schema_migrations`.`version` ASC[0m
I, [2019-10-27T02:53:26.778632 #16736]  INFO -- : Migrating to CreateCategories (20191027015619)
D, [2019-10-27T02:53:26.965192 #16736] DEBUG -- :   [1m[35m (183.4ms)[0m  [1m[35mCREATE TABLE `categories` (`id` bigint NOT NULL AUTO_INCREMENT PRIMARY KEY, `code` int, `name` varchar(255), `created_at` datetime(6) NOT NULL, `updated_at` datetime(6) NOT NULL)[0m
D, [2019-10-27T02:53:26.969545 #16736] DEBUG -- :   [1m[35m (0.1ms)[0m  [1m[35mBEGIN[0m
D, [2019-10-27T02:53:26.969934 #16736] DEBUG -- :   [1m[36mprimary::SchemaMigration Create (0.3ms)[0m  [1m[32mINSERT INTO `schema_migrations` (`version`) VALUES ('20191027015619')[0m
D, [2019-10-27T02:53:26.976843 #16736] DEBUG -- :   [1m[35m (6.7ms)[0m  [1m[35mCOMMIT[0m
I, [2019-10-27T02:53:26.976931 #16736]  INFO -- : Migrating to CreateProducts (20191027015755)
D, [2019-10-27T02:53:27.176356 #16736] DEBUG -- :   [1m[35m (196.9ms)[0m  [1m[35mCREATE TABLE `products` (`id` bigint NOT NULL AUTO_INCREMENT PRIMARY KEY, `code` int, `name` varchar(255), `description` text, `image` varchar(255), `category_id` bigint NOT NULL, `created_at` datetime(6) NOT NULL, `updated_at` datetime(6) NOT NULL,  INDEX `index_products_on_category_id`  (`category_id`), CONSTRAINT `fk_rails_fb915499a4`
FOREIGN KEY (`category_id`)
  REFERENCES `categories` (`id`)
)[0m
D, [2019-10-27T02:53:27.177553 #16736] DEBUG -- :   [1m[35m (0.2ms)[0m  [1m[35mBEGIN[0m
D, [2019-10-27T02:53:27.180327 #16736] DEBUG -- :   [1m[36mprimary::SchemaMigration Create (2.6ms)[0m  [1m[32mINSERT INTO `schema_migrations` (`version`) VALUES ('20191027015755')[0m
D, [2019-10-27T02:53:27.223094 #16736] DEBUG -- :   [1m[35m (42.6ms)[0m  [1m[35mCOMMIT[0m
D, [2019-10-27T02:53:27.227077 #16736] DEBUG -- :   [1m[36mActiveRecord::InternalMetadata Load (0.3ms)[0m  [1m[34mSELECT `ar_internal_metadata`.* FROM `ar_internal_metadata` WHERE `ar_internal_metadata`.`key` = 'environment' LIMIT 1[0m
D, [2019-10-27T02:53:27.231825 #16736] DEBUG -- :   [1m[35m (0.1ms)[0m  [1m[35mBEGIN[0m
D, [2019-10-27T02:53:27.232150 #16736] DEBUG -- :   [1m[36mActiveRecord::InternalMetadata Create (0.2ms)[0m  [1m[32mINSERT INTO `ar_internal_metadata` (`key`, `value`, `created_at`, `updated_at`) VALUES ('environment', 'production', '2019-10-27 02:53:27.230754', '2019-10-27 02:53:27.230754')[0m
D, [2019-10-27T02:53:27.262916 #16736] DEBUG -- :   [1m[35m (30.5ms)[0m  [1m[35mCOMMIT[0m
D, [2019-10-27T02:53:27.263202 #16736] DEBUG -- :   [1m[35m (0.2ms)[0m  [1m[34mSELECT RELEASE_LOCK('7540525931787693180')[0m
I, [2019-10-27T02:53:34.285782 #4800]  INFO -- : [713aa2ea-b6f3-4477-8baf-a4f55341a82f] Started GET "/" for 45.234.149.6 at 2019-10-27 02:53:34 +0000
F, [2019-10-27T02:53:34.286265 #4800] FATAL -- : [713aa2ea-b6f3-4477-8baf-a4f55341a82f]   
[713aa2ea-b6f3-4477-8baf-a4f55341a82f] ActionController::RoutingError (No route matches [GET] "/"):
[713aa2ea-b6f3-4477-8baf-a4f55341a82f]   
[713aa2ea-b6f3-4477-8baf-a4f55341a82f] actionpack (6.0.0) lib/action_dispatch/middleware/debug_exceptions.rb:36:in `call'
[713aa2ea-b6f3-4477-8baf-a4f55341a82f] actionpack (6.0.0) lib/action_dispatch/middleware/show_exceptions.rb:33:in `call'
[713aa2ea-b6f3-4477-8baf-a4f55341a82f] railties (6.0.0) lib/rails/rack/logger.rb:38:in `call_app'
[713aa2ea-b6f3-4477-8baf-a4f55341a82f] railties (6.0.0) lib/rails/rack/logger.rb:26:in `block in call'
[713aa2ea-b6f3-4477-8baf-a4f55341a82f] activesupport (6.0.0) lib/active_support/tagged_logging.rb:80:in `block in tagged'
[713aa2ea-b6f3-4477-8baf-a4f55341a82f] activesupport (6.0.0) lib/active_support/tagged_logging.rb:28:in `tagged'
[713aa2ea-b6f3-4477-8baf-a4f55341a82f] activesupport (6.0.0) lib/active_support/tagged_logging.rb:80:in `tagged'
[713aa2ea-b6f3-4477-8baf-a4f55341a82f] railties (6.0.0) lib/rails/rack/logger.rb:26:in `call'
[713aa2ea-b6f3-4477-8baf-a4f55341a82f] actionpack (6.0.0) lib/action_dispatch/middleware/remote_ip.rb:81:in `call'
[713aa2ea-b6f3-4477-8baf-a4f55341a82f] actionpack (6.0.0) lib/action_dispatch/middleware/request_id.rb:27:in `call'
[713aa2ea-b6f3-4477-8baf-a4f55341a82f] rack (2.0.7) lib/rack/method_override.rb:22:in `call'
[713aa2ea-b6f3-4477-8baf-a4f55341a82f] rack (2.0.7) lib/rack/runtime.rb:22:in `call'
[713aa2ea-b6f3-4477-8baf-a4f55341a82f] activesupport (6.0.0) lib/active_support/cache/strategy/local_cache_middleware.rb:29:in `call'
[713aa2ea-b6f3-4477-8baf-a4f55341a82f] actionpack (6.0.0) lib/action_dispatch/middleware/executor.rb:14:in `call'
[713aa2ea-b6f3-4477-8baf-a4f55341a82f] rack (2.0.7) lib/rack/sendfile.rb:111:in `call'
[713aa2ea-b6f3-4477-8baf-a4f55341a82f] actionpack (6.0.0) lib/action_dispatch/middleware/host_authorization.rb:77:in `call'
[713aa2ea-b6f3-4477-8baf-a4f55341a82f] railties (6.0.0) lib/rails/engine.rb:526:in `call'
[713aa2ea-b6f3-4477-8baf-a4f55341a82f] /usr/lib/ruby/vendor_ruby/phusion_passenger/rack/thread_handler_extension.rb:97:in `process_request'
[713aa2ea-b6f3-4477-8baf-a4f55341a82f] /usr/lib/ruby/vendor_ruby/phusion_passenger/request_handler/thread_handler.rb:149:in `accept_and_process_next_request'
[713aa2ea-b6f3-4477-8baf-a4f55341a82f] /usr/lib/ruby/vendor_ruby/phusion_passenger/request_handler/thread_handler.rb:110:in `main_loop'
[713aa2ea-b6f3-4477-8baf-a4f55341a82f] /usr/lib/ruby/vendor_ruby/phusion_passenger/request_handler.rb:415:in `block (3 levels) in start_threads'
[713aa2ea-b6f3-4477-8baf-a4f55341a82f] /usr/lib/ruby/vendor_ruby/phusion_passenger/utils.rb:113:in `block in create_thread_and_abort_on_exception'
I, [2019-10-27T02:53:37.445165 #4800]  INFO -- : [5906c65e-b52e-4b19-abb6-4d587f791061] Started GET "/" for 45.234.149.6 at 2019-10-27 02:53:37 +0000
F, [2019-10-27T02:53:37.445764 #4800] FATAL -- : [5906c65e-b52e-4b19-abb6-4d587f791061]   
[5906c65e-b52e-4b19-abb6-4d587f791061] ActionController::RoutingError (No route matches [GET] "/"):
[5906c65e-b52e-4b19-abb6-4d587f791061]   
[5906c65e-b52e-4b19-abb6-4d587f791061] actionpack (6.0.0) lib/action_dispatch/middleware/debug_exceptions.rb:36:in `call'
[5906c65e-b52e-4b19-abb6-4d587f791061] actionpack (6.0.0) lib/action_dispatch/middleware/show_exceptions.rb:33:in `call'
[5906c65e-b52e-4b19-abb6-4d587f791061] railties (6.0.0) lib/rails/rack/logger.rb:38:in `call_app'
[5906c65e-b52e-4b19-abb6-4d587f791061] railties (6.0.0) lib/rails/rack/logger.rb:26:in `block in call'
[5906c65e-b52e-4b19-abb6-4d587f791061] activesupport (6.0.0) lib/active_support/tagged_logging.rb:80:in `block in tagged'
[5906c65e-b52e-4b19-abb6-4d587f791061] activesupport (6.0.0) lib/active_support/tagged_logging.rb:28:in `tagged'
[5906c65e-b52e-4b19-abb6-4d587f791061] activesupport (6.0.0) lib/active_support/tagged_logging.rb:80:in `tagged'
[5906c65e-b52e-4b19-abb6-4d587f791061] railties (6.0.0) lib/rails/rack/logger.rb:26:in `call'
[5906c65e-b52e-4b19-abb6-4d587f791061] actionpack (6.0.0) lib/action_dispatch/middleware/remote_ip.rb:81:in `call'
[5906c65e-b52e-4b19-abb6-4d587f791061] actionpack (6.0.0) lib/action_dispatch/middleware/request_id.rb:27:in `call'
[5906c65e-b52e-4b19-abb6-4d587f791061] rack (2.0.7) lib/rack/method_override.rb:22:in `call'
[5906c65e-b52e-4b19-abb6-4d587f791061] rack (2.0.7) lib/rack/runtime.rb:22:in `call'
[5906c65e-b52e-4b19-abb6-4d587f791061] activesupport (6.0.0) lib/active_support/cache/strategy/local_cache_middleware.rb:29:in `call'
[5906c65e-b52e-4b19-abb6-4d587f791061] actionpack (6.0.0) lib/action_dispatch/middleware/executor.rb:14:in `call'
[5906c65e-b52e-4b19-abb6-4d587f791061] rack (2.0.7) lib/rack/sendfile.rb:111:in `call'
[5906c65e-b52e-4b19-abb6-4d587f791061] actionpack (6.0.0) lib/action_dispatch/middleware/host_authorization.rb:77:in `call'
[5906c65e-b52e-4b19-abb6-4d587f791061] railties (6.0.0) lib/rails/engine.rb:526:in `call'
[5906c65e-b52e-4b19-abb6-4d587f791061] /usr/lib/ruby/vendor_ruby/phusion_passenger/rack/thread_handler_extension.rb:97:in `process_request'
[5906c65e-b52e-4b19-abb6-4d587f791061] /usr/lib/ruby/vendor_ruby/phusion_passenger/request_handler/thread_handler.rb:149:in `accept_and_process_next_request'
[5906c65e-b52e-4b19-abb6-4d587f791061] /usr/lib/ruby/vendor_ruby/phusion_passenger/request_handler/thread_handler.rb:110:in `main_loop'
[5906c65e-b52e-4b19-abb6-4d587f791061] /usr/lib/ruby/vendor_ruby/phusion_passenger/request_handler.rb:415:in `block (3 levels) in start_threads'
[5906c65e-b52e-4b19-abb6-4d587f791061] /usr/lib/ruby/vendor_ruby/phusion_passenger/utils.rb:113:in `block in create_thread_and_abort_on_exception'
I, [2019-10-27T02:56:18.831430 #2217]  INFO -- : [073b0871-bc82-482c-976b-a6d7a058238e] Started GET "/" for 45.234.149.6 at 2019-10-27 02:56:18 +0000
F, [2019-10-27T02:56:18.833619 #2217] FATAL -- : [073b0871-bc82-482c-976b-a6d7a058238e]   
[073b0871-bc82-482c-976b-a6d7a058238e] ActionController::RoutingError (No route matches [GET] "/"):
[073b0871-bc82-482c-976b-a6d7a058238e]   
[073b0871-bc82-482c-976b-a6d7a058238e] actionpack (6.0.0) lib/action_dispatch/middleware/debug_exceptions.rb:36:in `call'
[073b0871-bc82-482c-976b-a6d7a058238e] actionpack (6.0.0) lib/action_dispatch/middleware/show_exceptions.rb:33:in `call'
[073b0871-bc82-482c-976b-a6d7a058238e] railties (6.0.0) lib/rails/rack/logger.rb:38:in `call_app'
[073b0871-bc82-482c-976b-a6d7a058238e] railties (6.0.0) lib/rails/rack/logger.rb:26:in `block in call'
[073b0871-bc82-482c-976b-a6d7a058238e] activesupport (6.0.0) lib/active_support/tagged_logging.rb:80:in `block in tagged'
[073b0871-bc82-482c-976b-a6d7a058238e] activesupport (6.0.0) lib/active_support/tagged_logging.rb:28:in `tagged'
[073b0871-bc82-482c-976b-a6d7a058238e] activesupport (6.0.0) lib/active_support/tagged_logging.rb:80:in `tagged'
[073b0871-bc82-482c-976b-a6d7a058238e] railties (6.0.0) lib/rails/rack/logger.rb:26:in `call'
[073b0871-bc82-482c-976b-a6d7a058238e] actionpack (6.0.0) lib/action_dispatch/middleware/remote_ip.rb:81:in `call'
[073b0871-bc82-482c-976b-a6d7a058238e] actionpack (6.0.0) lib/action_dispatch/middleware/request_id.rb:27:in `call'
[073b0871-bc82-482c-976b-a6d7a058238e] rack (2.0.7) lib/rack/method_override.rb:22:in `call'
[073b0871-bc82-482c-976b-a6d7a058238e] rack (2.0.7) lib/rack/runtime.rb:22:in `call'
[073b0871-bc82-482c-976b-a6d7a058238e] activesupport (6.0.0) lib/active_support/cache/strategy/local_cache_middleware.rb:29:in `call'
[073b0871-bc82-482c-976b-a6d7a058238e] actionpack (6.0.0) lib/action_dispatch/middleware/executor.rb:14:in `call'
[073b0871-bc82-482c-976b-a6d7a058238e] rack (2.0.7) lib/rack/sendfile.rb:111:in `call'
[073b0871-bc82-482c-976b-a6d7a058238e] actionpack (6.0.0) lib/action_dispatch/middleware/host_authorization.rb:77:in `call'
[073b0871-bc82-482c-976b-a6d7a058238e] railties (6.0.0) lib/rails/engine.rb:526:in `call'
[073b0871-bc82-482c-976b-a6d7a058238e] /usr/lib/ruby/vendor_ruby/phusion_passenger/rack/thread_handler_extension.rb:97:in `process_request'
[073b0871-bc82-482c-976b-a6d7a058238e] /usr/lib/ruby/vendor_ruby/phusion_passenger/request_handler/thread_handler.rb:149:in `accept_and_process_next_request'
[073b0871-bc82-482c-976b-a6d7a058238e] /usr/lib/ruby/vendor_ruby/phusion_passenger/request_handler/thread_handler.rb:110:in `main_loop'
[073b0871-bc82-482c-976b-a6d7a058238e] /usr/lib/ruby/vendor_ruby/phusion_passenger/request_handler.rb:415:in `block (3 levels) in start_threads'
[073b0871-bc82-482c-976b-a6d7a058238e] /usr/lib/ruby/vendor_ruby/phusion_passenger/utils.rb:113:in `block in create_thread_and_abort_on_exception'
I, [2019-10-27T02:58:27.558111 #2217]  INFO -- : [167b4818-f5b9-4b9e-809f-93afa71b50bc] Started GET "/categories" for 45.234.149.6 at 2019-10-27 02:58:27 +0000
I, [2019-10-27T02:58:27.562692 #2217]  INFO -- : [167b4818-f5b9-4b9e-809f-93afa71b50bc] Processing by CategoriesController#index as HTML
I, [2019-10-27T02:58:27.574875 #2217]  INFO -- : [167b4818-f5b9-4b9e-809f-93afa71b50bc]   Rendering categories/index.html.erb within layouts/application
D, [2019-10-27T02:58:27.590164 #2217] DEBUG -- : [167b4818-f5b9-4b9e-809f-93afa71b50bc]   [1m[35m (2.7ms)[0m  [1m[35mSET NAMES utf8mb4,  @@SESSION.sql_mode = CONCAT(CONCAT(@@sql_mode, ',STRICT_ALL_TABLES'), ',NO_AUTO_VALUE_ON_ZERO'),  @@SESSION.sql_auto_is_null = 0, @@SESSION.wait_timeout = 2147483[0m
D, [2019-10-27T02:58:27.596921 #2217] DEBUG -- : [167b4818-f5b9-4b9e-809f-93afa71b50bc]   [1m[36mCategory Load (5.9ms)[0m  [1m[34mSELECT `categories`.* FROM `categories`[0m
I, [2019-10-27T02:58:27.599120 #2217]  INFO -- : [167b4818-f5b9-4b9e-809f-93afa71b50bc]   Rendered categories/index.html.erb within layouts/application (Duration: 24.1ms | Allocations: 1924)
I, [2019-10-27T02:58:27.604893 #2217]  INFO -- : [167b4818-f5b9-4b9e-809f-93afa71b50bc] Completed 200 OK in 42ms (Views: 32.7ms | ActiveRecord: 9.0ms | Allocations: 4230)
I, [2019-10-27T02:58:31.587681 #2217]  INFO -- : [ff4df20b-06be-40fb-8138-b8543554cb8a] Started GET "/categories/new" for 45.234.149.6 at 2019-10-27 02:58:31 +0000
I, [2019-10-27T02:58:31.588522 #2217]  INFO -- : [ff4df20b-06be-40fb-8138-b8543554cb8a] Processing by CategoriesController#new as HTML
I, [2019-10-27T02:58:31.595884 #2217]  INFO -- : [ff4df20b-06be-40fb-8138-b8543554cb8a]   Rendering categories/new.html.erb within layouts/application
I, [2019-10-27T02:58:31.607765 #2217]  INFO -- : [ff4df20b-06be-40fb-8138-b8543554cb8a]   Rendered categories/_form.html.erb (Duration: 10.4ms | Allocations: 4133)
I, [2019-10-27T02:58:31.607915 #2217]  INFO -- : [ff4df20b-06be-40fb-8138-b8543554cb8a]   Rendered categories/new.html.erb within layouts/application (Duration: 12.0ms | Allocations: 4474)
I, [2019-10-27T02:58:31.608552 #2217]  INFO -- : [ff4df20b-06be-40fb-8138-b8543554cb8a] Completed 200 OK in 20ms (Views: 12.9ms | ActiveRecord: 0.7ms | Allocations: 8305)
I, [2019-10-27T02:58:42.124589 #2217]  INFO -- : [d9700a5d-036d-499f-a92c-cb60a267cd83] Started POST "/categories" for 45.234.149.6 at 2019-10-27 02:58:42 +0000
I, [2019-10-27T02:58:42.125320 #2217]  INFO -- : [d9700a5d-036d-499f-a92c-cb60a267cd83] Processing by CategoriesController#create as HTML
I, [2019-10-27T02:58:42.125374 #2217]  INFO -- : [d9700a5d-036d-499f-a92c-cb60a267cd83]   Parameters: {"authenticity_token"=>"Fn7Ff8ZvrZDSa6dj3kcKQYlNNi1iFL5cPill8M1fvdtZw03sInLKMCaAX4rsEIrVBrMWzf2kI7jXBFRs0NmfRQ==", "category"=>{"code"=>"100", "name"=>"Blusas"}, "commit"=>"Create Category"}
D, [2019-10-27T02:58:42.128688 #2217] DEBUG -- : [d9700a5d-036d-499f-a92c-cb60a267cd83]   [1m[35m (0.2ms)[0m  [1m[35mBEGIN[0m
D, [2019-10-27T02:58:42.129140 #2217] DEBUG -- : [d9700a5d-036d-499f-a92c-cb60a267cd83]   [1m[36mCategory Create (0.3ms)[0m  [1m[32mINSERT INTO `categories` (`code`, `name`, `created_at`, `updated_at`) VALUES (100, 'Blusas', '2019-10-27 02:58:42.127013', '2019-10-27 02:58:42.127013')[0m
D, [2019-10-27T02:58:42.143395 #2217] DEBUG -- : [d9700a5d-036d-499f-a92c-cb60a267cd83]   [1m[35m (14.0ms)[0m  [1m[35mCOMMIT[0m
I, [2019-10-27T02:58:42.144156 #2217]  INFO -- : [d9700a5d-036d-499f-a92c-cb60a267cd83] Redirected to http://dggirl.com.br/categories/1
I, [2019-10-27T02:58:42.144317 #2217]  INFO -- : [d9700a5d-036d-499f-a92c-cb60a267cd83] Completed 302 Found in 19ms (ActiveRecord: 14.5ms | Allocations: 1143)
I, [2019-10-27T02:58:42.364758 #2217]  INFO -- : [84ab9859-1bb2-40e3-911e-055e1af0e398] Started GET "/categories/1" for 45.234.149.6 at 2019-10-27 02:58:42 +0000
I, [2019-10-27T02:58:42.365413 #2217]  INFO -- : [84ab9859-1bb2-40e3-911e-055e1af0e398] Processing by CategoriesController#show as HTML
I, [2019-10-27T02:58:42.365461 #2217]  INFO -- : [84ab9859-1bb2-40e3-911e-055e1af0e398]   Parameters: {"id"=>"1"}
D, [2019-10-27T02:58:42.369165 #2217] DEBUG -- : [84ab9859-1bb2-40e3-911e-055e1af0e398]   [1m[36mCategory Load (0.3ms)[0m  [1m[34mSELECT `categories`.* FROM `categories` WHERE `categories`.`id` = 1 LIMIT 1[0m
I, [2019-10-27T02:58:42.370101 #2217]  INFO -- : [84ab9859-1bb2-40e3-911e-055e1af0e398]   Rendering categories/show.html.erb within layouts/application
I, [2019-10-27T02:58:42.371361 #2217]  INFO -- : [84ab9859-1bb2-40e3-911e-055e1af0e398]   Rendered categories/show.html.erb within layouts/application (Duration: 1.1ms | Allocations: 265)
I, [2019-10-27T02:58:42.372068 #2217]  INFO -- : [84ab9859-1bb2-40e3-911e-055e1af0e398] Completed 200 OK in 7ms (Views: 2.1ms | ActiveRecord: 0.3ms | Allocations: 1666)
I, [2019-10-27T02:58:44.231743 #2217]  INFO -- : [98b399d7-57b5-4478-ada3-152f22bd418d] Started GET "/categories" for 45.234.149.6 at 2019-10-27 02:58:44 +0000
I, [2019-10-27T02:58:44.232539 #2217]  INFO -- : [98b399d7-57b5-4478-ada3-152f22bd418d] Processing by CategoriesController#index as HTML
I, [2019-10-27T02:58:44.233501 #2217]  INFO -- : [98b399d7-57b5-4478-ada3-152f22bd418d]   Rendering categories/index.html.erb within layouts/application
D, [2019-10-27T02:58:44.234251 #2217] DEBUG -- : [98b399d7-57b5-4478-ada3-152f22bd418d]   [1m[36mCategory Load (0.3ms)[0m  [1m[34mSELECT `categories`.* FROM `categories`[0m
I, [2019-10-27T02:58:44.234785 #2217]  INFO -- : [98b399d7-57b5-4478-ada3-152f22bd418d]   Rendered categories/index.html.erb within layouts/application (Duration: 1.2ms | Allocations: 304)
I, [2019-10-27T02:58:44.235450 #2217]  INFO -- : [98b399d7-57b5-4478-ada3-152f22bd418d] Completed 200 OK in 3ms (Views: 1.7ms | ActiveRecord: 0.3ms | Allocations: 1003)
I, [2019-10-27T02:58:47.917348 #2217]  INFO -- : [7474b610-a594-4ef2-9825-6ef0856f70fd] Started GET "/categories/new" for 45.234.149.6 at 2019-10-27 02:58:47 +0000
I, [2019-10-27T02:58:47.918064 #2217]  INFO -- : [7474b610-a594-4ef2-9825-6ef0856f70fd] Processing by CategoriesController#new as HTML
I, [2019-10-27T02:58:47.919079 #2217]  INFO -- : [7474b610-a594-4ef2-9825-6ef0856f70fd]   Rendering categories/new.html.erb within layouts/application
I, [2019-10-27T02:58:47.920873 #2217]  INFO -- : [7474b610-a594-4ef2-9825-6ef0856f70fd]   Rendered categories/_form.html.erb (Duration: 1.6ms | Allocations: 787)
I, [2019-10-27T02:58:47.920989 #2217]  INFO -- : [7474b610-a594-4ef2-9825-6ef0856f70fd]   Rendered categories/new.html.erb within layouts/application (Duration: 1.8ms | Allocations: 866)
I, [2019-10-27T02:58:47.921464 #2217]  INFO -- : [7474b610-a594-4ef2-9825-6ef0856f70fd] Completed 200 OK in 3ms (Views: 2.6ms | ActiveRecord: 0.0ms | Allocations: 1576)
I, [2019-10-27T02:59:02.171937 #2217]  INFO -- : [a7921760-9a24-4227-9b90-fe8d0bd366ef] Started POST "/categories" for 45.234.149.6 at 2019-10-27 02:59:02 +0000
I, [2019-10-27T02:59:02.172713 #2217]  INFO -- : [a7921760-9a24-4227-9b90-fe8d0bd366ef] Processing by CategoriesController#create as HTML
I, [2019-10-27T02:59:02.172777 #2217]  INFO -- : [a7921760-9a24-4227-9b90-fe8d0bd366ef]   Parameters: {"authenticity_token"=>"ICIZtB+fa/fGJVJJXUwCpEz2CqyN6/gERFfJ5PLYxOtvn5En+4IMVzLOqqBvG4IwwwgqTBJbZeCtevh4717mdQ==", "category"=>{"code"=>"200", "name"=>"Calças"}, "commit"=>"Create Category"}
D, [2019-10-27T02:59:02.174673 #2217] DEBUG -- : [a7921760-9a24-4227-9b90-fe8d0bd366ef]   [1m[35m (0.1ms)[0m  [1m[35mBEGIN[0m
D, [2019-10-27T02:59:02.177546 #2217] DEBUG -- : [a7921760-9a24-4227-9b90-fe8d0bd366ef]   [1m[36mCategory Create (2.7ms)[0m  [1m[32mINSERT INTO `categories` (`code`, `name`, `created_at`, `updated_at`) VALUES (200, 'Calças', '2019-10-27 02:59:02.173928', '2019-10-27 02:59:02.173928')[0m
D, [2019-10-27T02:59:02.216916 #2217] DEBUG -- : [a7921760-9a24-4227-9b90-fe8d0bd366ef]   [1m[35m (39.2ms)[0m  [1m[35mCOMMIT[0m
I, [2019-10-27T02:59:02.217382 #2217]  INFO -- : [a7921760-9a24-4227-9b90-fe8d0bd366ef] Redirected to http://dggirl.com.br/categories/2
I, [2019-10-27T02:59:02.217528 #2217]  INFO -- : [a7921760-9a24-4227-9b90-fe8d0bd366ef] Completed 302 Found in 45ms (ActiveRecord: 42.0ms | Allocations: 880)
I, [2019-10-27T02:59:02.430527 #2217]  INFO -- : [305c55b1-d759-499d-a3fb-d5e6366bc7dc] Started GET "/categories/2" for 45.234.149.6 at 2019-10-27 02:59:02 +0000
I, [2019-10-27T02:59:02.431339 #2217]  INFO -- : [305c55b1-d759-499d-a3fb-d5e6366bc7dc] Processing by CategoriesController#show as HTML
I, [2019-10-27T02:59:02.431398 #2217]  INFO -- : [305c55b1-d759-499d-a3fb-d5e6366bc7dc]   Parameters: {"id"=>"2"}
D, [2019-10-27T02:59:02.432790 #2217] DEBUG -- : [305c55b1-d759-499d-a3fb-d5e6366bc7dc]   [1m[36mCategory Load (0.4ms)[0m  [1m[34mSELECT `categories`.* FROM `categories` WHERE `categories`.`id` = 2 LIMIT 1[0m
I, [2019-10-27T02:59:02.433297 #2217]  INFO -- : [305c55b1-d759-499d-a3fb-d5e6366bc7dc]   Rendering categories/show.html.erb within layouts/application
I, [2019-10-27T02:59:02.433636 #2217]  INFO -- : [305c55b1-d759-499d-a3fb-d5e6366bc7dc]   Rendered categories/show.html.erb within layouts/application (Duration: 0.3ms | Allocations: 89)
I, [2019-10-27T02:59:02.434262 #2217]  INFO -- : [305c55b1-d759-499d-a3fb-d5e6366bc7dc] Completed 200 OK in 3ms (Views: 1.0ms | ActiveRecord: 0.4ms | Allocations: 944)
I, [2019-10-27T02:59:04.377666 #2217]  INFO -- : [de980588-e942-49f4-8825-7ad65ac104fd] Started GET "/categories" for 45.234.149.6 at 2019-10-27 02:59:04 +0000
I, [2019-10-27T02:59:04.378540 #2217]  INFO -- : [de980588-e942-49f4-8825-7ad65ac104fd] Processing by CategoriesController#index as HTML
I, [2019-10-27T02:59:04.379418 #2217]  INFO -- : [de980588-e942-49f4-8825-7ad65ac104fd]   Rendering categories/index.html.erb within layouts/application
D, [2019-10-27T02:59:04.380196 #2217] DEBUG -- : [de980588-e942-49f4-8825-7ad65ac104fd]   [1m[36mCategory Load (0.3ms)[0m  [1m[34mSELECT `categories`.* FROM `categories`[0m
I, [2019-10-27T02:59:04.380901 #2217]  INFO -- : [de980588-e942-49f4-8825-7ad65ac104fd]   Rendered categories/index.html.erb within layouts/application (Duration: 1.4ms | Allocations: 419)
I, [2019-10-27T02:59:04.381668 #2217]  INFO -- : [de980588-e942-49f4-8825-7ad65ac104fd] Completed 200 OK in 3ms (Views: 2.1ms | ActiveRecord: 0.3ms | Allocations: 1129)
I, [2019-10-27T02:59:06.984522 #2217]  INFO -- : [e1d716c6-0576-448b-ba04-32fd28bfae3e] Started GET "/categories/new" for 45.234.149.6 at 2019-10-27 02:59:06 +0000
I, [2019-10-27T02:59:06.985281 #2217]  INFO -- : [e1d716c6-0576-448b-ba04-32fd28bfae3e] Processing by CategoriesController#new as HTML
I, [2019-10-27T02:59:06.986292 #2217]  INFO -- : [e1d716c6-0576-448b-ba04-32fd28bfae3e]   Rendering categories/new.html.erb within layouts/application
I, [2019-10-27T02:59:06.987904 #2217]  INFO -- : [e1d716c6-0576-448b-ba04-32fd28bfae3e]   Rendered categories/_form.html.erb (Duration: 1.4ms | Allocations: 785)
I, [2019-10-27T02:59:06.988029 #2217]  INFO -- : [e1d716c6-0576-448b-ba04-32fd28bfae3e]   Rendered categories/new.html.erb within layouts/application (Duration: 1.7ms | Allocations: 864)
I, [2019-10-27T02:59:06.988547 #2217]  INFO -- : [e1d716c6-0576-448b-ba04-32fd28bfae3e] Completed 200 OK in 3ms (Views: 2.4ms | ActiveRecord: 0.0ms | Allocations: 1564)
I, [2019-10-27T02:59:15.174206 #2217]  INFO -- : [378de44f-7d26-48d4-ac4a-5a67cd450a1e] Started POST "/categories" for 45.234.149.6 at 2019-10-27 02:59:15 +0000
I, [2019-10-27T02:59:15.174917 #2217]  INFO -- : [378de44f-7d26-48d4-ac4a-5a67cd450a1e] Processing by CategoriesController#create as HTML
I, [2019-10-27T02:59:15.174975 #2217]  INFO -- : [378de44f-7d26-48d4-ac4a-5a67cd450a1e]   Parameters: {"authenticity_token"=>"Nsdpfu/9wFUTbq94gLcOfNaGPplD3j/ortRjEOlZ98h5euHtC+Cn9eeFV5Gy4I7oWXgeedxuogxH+VKM9N/VVg==", "category"=>{"code"=>"300", "name"=>"Shorts"}, "commit"=>"Create Category"}
D, [2019-10-27T02:59:15.176879 #2217] DEBUG -- : [378de44f-7d26-48d4-ac4a-5a67cd450a1e]   [1m[35m (0.1ms)[0m  [1m[35mBEGIN[0m
D, [2019-10-27T02:59:15.177216 #2217] DEBUG -- : [378de44f-7d26-48d4-ac4a-5a67cd450a1e]   [1m[36mCategory Create (0.2ms)[0m  [1m[32mINSERT INTO `categories` (`code`, `name`, `created_at`, `updated_at`) VALUES (300, 'Shorts', '2019-10-27 02:59:15.176112', '2019-10-27 02:59:15.176112')[0m
D, [2019-10-27T02:59:15.264234 #2217] DEBUG -- : [378de44f-7d26-48d4-ac4a-5a67cd450a1e]   [1m[35m (86.8ms)[0m  [1m[35mCOMMIT[0m
I, [2019-10-27T02:59:15.264879 #2217]  INFO -- : [378de44f-7d26-48d4-ac4a-5a67cd450a1e] Redirected to http://dggirl.com.br/categories/3
I, [2019-10-27T02:59:15.265023 #2217]  INFO -- : [378de44f-7d26-48d4-ac4a-5a67cd450a1e] Completed 302 Found in 90ms (ActiveRecord: 87.2ms | Allocations: 879)
I, [2019-10-27T02:59:15.486098 #2217]  INFO -- : [66d23101-2877-4655-a813-7f9ebb52e83b] Started GET "/categories/3" for 45.234.149.6 at 2019-10-27 02:59:15 +0000
I, [2019-10-27T02:59:15.486837 #2217]  INFO -- : [66d23101-2877-4655-a813-7f9ebb52e83b] Processing by CategoriesController#show as HTML
I, [2019-10-27T02:59:15.486893 #2217]  INFO -- : [66d23101-2877-4655-a813-7f9ebb52e83b]   Parameters: {"id"=>"3"}
D, [2019-10-27T02:59:15.488115 #2217] DEBUG -- : [66d23101-2877-4655-a813-7f9ebb52e83b]   [1m[36mCategory Load (0.3ms)[0m  [1m[34mSELECT `categories`.* FROM `categories` WHERE `categories`.`id` = 3 LIMIT 1[0m
I, [2019-10-27T02:59:15.488732 #2217]  INFO -- : [66d23101-2877-4655-a813-7f9ebb52e83b]   Rendering categories/show.html.erb within layouts/application
I, [2019-10-27T02:59:15.489037 #2217]  INFO -- : [66d23101-2877-4655-a813-7f9ebb52e83b]   Rendered categories/show.html.erb within layouts/application (Duration: 0.2ms | Allocations: 89)
I, [2019-10-27T02:59:15.489554 #2217]  INFO -- : [66d23101-2877-4655-a813-7f9ebb52e83b] Completed 200 OK in 3ms (Views: 1.0ms | ActiveRecord: 0.3ms | Allocations: 938)
I, [2019-10-27T02:59:17.226143 #2217]  INFO -- : [48e7c337-4c52-49c0-b497-5a1f67774aa1] Started GET "/categories" for 45.234.149.6 at 2019-10-27 02:59:17 +0000
I, [2019-10-27T02:59:17.226945 #2217]  INFO -- : [48e7c337-4c52-49c0-b497-5a1f67774aa1] Processing by CategoriesController#index as HTML
I, [2019-10-27T02:59:17.227869 #2217]  INFO -- : [48e7c337-4c52-49c0-b497-5a1f67774aa1]   Rendering categories/index.html.erb within layouts/application
D, [2019-10-27T02:59:17.228769 #2217] DEBUG -- : [48e7c337-4c52-49c0-b497-5a1f67774aa1]   [1m[36mCategory Load (0.3ms)[0m  [1m[34mSELECT `categories`.* FROM `categories`[0m
I, [2019-10-27T02:59:17.229734 #2217]  INFO -- : [48e7c337-4c52-49c0-b497-5a1f67774aa1]   Rendered categories/index.html.erb within layouts/application (Duration: 1.8ms | Allocations: 539)
I, [2019-10-27T02:59:17.230369 #2217]  INFO -- : [48e7c337-4c52-49c0-b497-5a1f67774aa1] Completed 200 OK in 3ms (Views: 2.3ms | ActiveRecord: 0.3ms | Allocations: 1245)
I, [2019-10-27T02:59:20.031614 #2217]  INFO -- : [505562f8-94e9-449a-ae3f-60b2cde2b71f] Started GET "/categories/new" for 45.234.149.6 at 2019-10-27 02:59:20 +0000
I, [2019-10-27T02:59:20.032284 #2217]  INFO -- : [505562f8-94e9-449a-ae3f-60b2cde2b71f] Processing by CategoriesController#new as HTML
I, [2019-10-27T02:59:20.033437 #2217]  INFO -- : [505562f8-94e9-449a-ae3f-60b2cde2b71f]   Rendering categories/new.html.erb within layouts/application
I, [2019-10-27T02:59:20.035022 #2217]  INFO -- : [505562f8-94e9-449a-ae3f-60b2cde2b71f]   Rendered categories/_form.html.erb (Duration: 1.3ms | Allocations: 785)
I, [2019-10-27T02:59:20.035131 #2217]  INFO -- : [505562f8-94e9-449a-ae3f-60b2cde2b71f]   Rendered categories/new.html.erb within layouts/application (Duration: 1.6ms | Allocations: 864)
I, [2019-10-27T02:59:20.035684 #2217]  INFO -- : [505562f8-94e9-449a-ae3f-60b2cde2b71f] Completed 200 OK in 3ms (Views: 2.4ms | ActiveRecord: 0.0ms | Allocations: 1578)
I, [2019-10-27T02:59:28.348039 #2217]  INFO -- : [a50e6d1b-30eb-485b-be2a-94864eb6401f] Started POST "/categories" for 45.234.149.6 at 2019-10-27 02:59:28 +0000
I, [2019-10-27T02:59:28.348897 #2217]  INFO -- : [a50e6d1b-30eb-485b-be2a-94864eb6401f] Processing by CategoriesController#create as HTML
I, [2019-10-27T02:59:28.348962 #2217]  INFO -- : [a50e6d1b-30eb-485b-be2a-94864eb6401f]   Parameters: {"authenticity_token"=>"ujXw4Hw4Tn2Vv4VcOhQpLWTMu/JlSilu34vrF5IDxf/1iHhzmCUp3WFUfbUIQ6m56zKbEvr6tIo2ptqLj4XnYQ==", "category"=>{"code"=>"400", "name"=>"Tops"}, "commit"=>"Create Category"}
D, [2019-10-27T02:59:28.350744 #2217] DEBUG -- : [a50e6d1b-30eb-485b-be2a-94864eb6401f]   [1m[35m (0.1ms)[0m  [1m[35mBEGIN[0m
D, [2019-10-27T02:59:28.353069 #2217] DEBUG -- : [a50e6d1b-30eb-485b-be2a-94864eb6401f]   [1m[36mCategory Create (2.2ms)[0m  [1m[32mINSERT INTO `categories` (`code`, `name`, `created_at`, `updated_at`) VALUES (400, 'Tops', '2019-10-27 02:59:28.350005', '2019-10-27 02:59:28.350005')[0m
D, [2019-10-27T02:59:28.369316 #2217] DEBUG -- : [a50e6d1b-30eb-485b-be2a-94864eb6401f]   [1m[35m (16.0ms)[0m  [1m[35mCOMMIT[0m
I, [2019-10-27T02:59:28.369699 #2217]  INFO -- : [a50e6d1b-30eb-485b-be2a-94864eb6401f] Redirected to http://dggirl.com.br/categories/4
I, [2019-10-27T02:59:28.369822 #2217]  INFO -- : [a50e6d1b-30eb-485b-be2a-94864eb6401f] Completed 302 Found in 21ms (ActiveRecord: 18.4ms | Allocations: 873)
I, [2019-10-27T02:59:28.574584 #2217]  INFO -- : [267ededb-1b2b-4bc8-8d08-88dcfe786607] Started GET "/categories/4" for 45.234.149.6 at 2019-10-27 02:59:28 +0000
I, [2019-10-27T02:59:28.575357 #2217]  INFO -- : [267ededb-1b2b-4bc8-8d08-88dcfe786607] Processing by CategoriesController#show as HTML
I, [2019-10-27T02:59:28.575407 #2217]  INFO -- : [267ededb-1b2b-4bc8-8d08-88dcfe786607]   Parameters: {"id"=>"4"}
D, [2019-10-27T02:59:28.576699 #2217] DEBUG -- : [267ededb-1b2b-4bc8-8d08-88dcfe786607]   [1m[36mCategory Load (0.3ms)[0m  [1m[34mSELECT `categories`.* FROM `categories` WHERE `categories`.`id` = 4 LIMIT 1[0m
I, [2019-10-27T02:59:28.577219 #2217]  INFO -- : [267ededb-1b2b-4bc8-8d08-88dcfe786607]   Rendering categories/show.html.erb within layouts/application
I, [2019-10-27T02:59:28.577565 #2217]  INFO -- : [267ededb-1b2b-4bc8-8d08-88dcfe786607]   Rendered categories/show.html.erb within layouts/application (Duration: 0.3ms | Allocations: 89)
I, [2019-10-27T02:59:28.578077 #2217]  INFO -- : [267ededb-1b2b-4bc8-8d08-88dcfe786607] Completed 200 OK in 3ms (Views: 1.0ms | ActiveRecord: 0.3ms | Allocations: 926)
I, [2019-10-27T02:59:30.227742 #2217]  INFO -- : [f9d20523-09e0-4460-a4d0-53f31040bc57] Started GET "/categories" for 45.234.149.6 at 2019-10-27 02:59:30 +0000
I, [2019-10-27T02:59:30.228453 #2217]  INFO -- : [f9d20523-09e0-4460-a4d0-53f31040bc57] Processing by CategoriesController#index as HTML
I, [2019-10-27T02:59:30.229361 #2217]  INFO -- : [f9d20523-09e0-4460-a4d0-53f31040bc57]   Rendering categories/index.html.erb within layouts/application
D, [2019-10-27T02:59:30.230039 #2217] DEBUG -- : [f9d20523-09e0-4460-a4d0-53f31040bc57]   [1m[36mCategory Load (0.3ms)[0m  [1m[34mSELECT `categories`.* FROM `categories`[0m
I, [2019-10-27T02:59:30.231039 #2217]  INFO -- : [f9d20523-09e0-4460-a4d0-53f31040bc57]   Rendered categories/index.html.erb within layouts/application (Duration: 1.6ms | Allocations: 660)
I, [2019-10-27T02:59:30.231536 #2217]  INFO -- : [f9d20523-09e0-4460-a4d0-53f31040bc57] Completed 200 OK in 3ms (Views: 2.1ms | ActiveRecord: 0.3ms | Allocations: 1366)
I, [2019-10-27T02:59:31.857016 #2217]  INFO -- : [bd5e1408-0419-4bc6-86aa-6fd4ae3f618c] Started GET "/categories/new" for 45.234.149.6 at 2019-10-27 02:59:31 +0000
I, [2019-10-27T02:59:31.857698 #2217]  INFO -- : [bd5e1408-0419-4bc6-86aa-6fd4ae3f618c] Processing by CategoriesController#new as HTML
I, [2019-10-27T02:59:31.858718 #2217]  INFO -- : [bd5e1408-0419-4bc6-86aa-6fd4ae3f618c]   Rendering categories/new.html.erb within layouts/application
I, [2019-10-27T02:59:31.860419 #2217]  INFO -- : [bd5e1408-0419-4bc6-86aa-6fd4ae3f618c]   Rendered categories/_form.html.erb (Duration: 1.5ms | Allocations: 785)
I, [2019-10-27T02:59:31.860592 #2217]  INFO -- : [bd5e1408-0419-4bc6-86aa-6fd4ae3f618c]   Rendered categories/new.html.erb within layouts/application (Duration: 1.8ms | Allocations: 864)
I, [2019-10-27T02:59:31.861127 #2217]  INFO -- : [bd5e1408-0419-4bc6-86aa-6fd4ae3f618c] Completed 200 OK in 3ms (Views: 2.6ms | ActiveRecord: 0.0ms | Allocations: 1580)
I, [2019-10-27T02:59:38.925722 #2217]  INFO -- : [6b82ec0d-0968-4f25-bcf3-33580c6137d6] Started POST "/categories" for 45.234.149.6 at 2019-10-27 02:59:38 +0000
I, [2019-10-27T02:59:38.926407 #2217]  INFO -- : [6b82ec0d-0968-4f25-bcf3-33580c6137d6] Processing by CategoriesController#create as HTML
I, [2019-10-27T02:59:38.926489 #2217]  INFO -- : [6b82ec0d-0968-4f25-bcf3-33580c6137d6]   Parameters: {"authenticity_token"=>"dR9FVTl+r7u23A4YVsGn4MXLz3UBEutogNkxr4aTycg6os3G3WPIG0I39vFklid0SjXvlZ6idoxp9AAzmxXrVg==", "category"=>{"code"=>"500", "name"=>"Vestidos"}, "commit"=>"Create Category"}
D, [2019-10-27T02:59:38.928221 #2217] DEBUG -- : [6b82ec0d-0968-4f25-bcf3-33580c6137d6]   [1m[35m (0.1ms)[0m  [1m[35mBEGIN[0m
D, [2019-10-27T02:59:38.928567 #2217] DEBUG -- : [6b82ec0d-0968-4f25-bcf3-33580c6137d6]   [1m[36mCategory Create (0.2ms)[0m  [1m[32mINSERT INTO `categories` (`code`, `name`, `created_at`, `updated_at`) VALUES (500, 'Vestidos', '2019-10-27 02:59:38.927526', '2019-10-27 02:59:38.927526')[0m
D, [2019-10-27T02:59:38.943142 #2217] DEBUG -- : [6b82ec0d-0968-4f25-bcf3-33580c6137d6]   [1m[35m (14.3ms)[0m  [1m[35mCOMMIT[0m
I, [2019-10-27T02:59:38.943533 #2217]  INFO -- : [6b82ec0d-0968-4f25-bcf3-33580c6137d6] Redirected to http://dggirl.com.br/categories/5
I, [2019-10-27T02:59:38.943656 #2217]  INFO -- : [6b82ec0d-0968-4f25-bcf3-33580c6137d6] Completed 302 Found in 17ms (ActiveRecord: 14.6ms | Allocations: 877)
I, [2019-10-27T02:59:39.165287 #2217]  INFO -- : [469c83d1-88d2-459a-b201-a9d66ad7baa7] Started GET "/categories/5" for 45.234.149.6 at 2019-10-27 02:59:39 +0000
I, [2019-10-27T02:59:39.166385 #2217]  INFO -- : [469c83d1-88d2-459a-b201-a9d66ad7baa7] Processing by CategoriesController#show as HTML
I, [2019-10-27T02:59:39.166451 #2217]  INFO -- : [469c83d1-88d2-459a-b201-a9d66ad7baa7]   Parameters: {"id"=>"5"}
D, [2019-10-27T02:59:39.168288 #2217] DEBUG -- : [469c83d1-88d2-459a-b201-a9d66ad7baa7]   [1m[36mCategory Load (0.4ms)[0m  [1m[34mSELECT `categories`.* FROM `categories` WHERE `categories`.`id` = 5 LIMIT 1[0m
I, [2019-10-27T02:59:39.168823 #2217]  INFO -- : [469c83d1-88d2-459a-b201-a9d66ad7baa7]   Rendering categories/show.html.erb within layouts/application
I, [2019-10-27T02:59:39.169136 #2217]  INFO -- : [469c83d1-88d2-459a-b201-a9d66ad7baa7]   Rendered categories/show.html.erb within layouts/application (Duration: 0.2ms | Allocations: 89)
I, [2019-10-27T02:59:39.169789 #2217]  INFO -- : [469c83d1-88d2-459a-b201-a9d66ad7baa7] Completed 200 OK in 3ms (Views: 1.1ms | ActiveRecord: 0.4ms | Allocations: 940)
I, [2019-10-27T02:59:40.681099 #2217]  INFO -- : [8758b425-3909-4ba1-901a-3f87a7e6d6c1] Started GET "/categories" for 45.234.149.6 at 2019-10-27 02:59:40 +0000
I, [2019-10-27T02:59:40.681739 #2217]  INFO -- : [8758b425-3909-4ba1-901a-3f87a7e6d6c1] Processing by CategoriesController#index as HTML
I, [2019-10-27T02:59:40.682492 #2217]  INFO -- : [8758b425-3909-4ba1-901a-3f87a7e6d6c1]   Rendering categories/index.html.erb within layouts/application
D, [2019-10-27T02:59:40.683171 #2217] DEBUG -- : [8758b425-3909-4ba1-901a-3f87a7e6d6c1]   [1m[36mCategory Load (0.3ms)[0m  [1m[34mSELECT `categories`.* FROM `categories`[0m
I, [2019-10-27T02:59:40.684135 #2217]  INFO -- : [8758b425-3909-4ba1-901a-3f87a7e6d6c1]   Rendered categories/index.html.erb within layouts/application (Duration: 1.6ms | Allocations: 780)
I, [2019-10-27T02:59:40.684601 #2217]  INFO -- : [8758b425-3909-4ba1-901a-3f87a7e6d6c1] Completed 200 OK in 3ms (Views: 2.0ms | ActiveRecord: 0.3ms | Allocations: 1474)
I, [2019-10-27T02:59:50.036476 #2217]  INFO -- : [9f202d6d-67a0-43f4-bd35-62703873b36f] Started GET "/products" for 45.234.149.6 at 2019-10-27 02:59:50 +0000
I, [2019-10-27T02:59:50.037207 #2217]  INFO -- : [9f202d6d-67a0-43f4-bd35-62703873b36f] Processing by ProductsController#index as HTML
I, [2019-10-27T02:59:50.040302 #2217]  INFO -- : [9f202d6d-67a0-43f4-bd35-62703873b36f]   Rendering products/index.html.erb within layouts/application
D, [2019-10-27T02:59:50.043586 #2217] DEBUG -- : [9f202d6d-67a0-43f4-bd35-62703873b36f]   [1m[36mProduct Load (1.0ms)[0m  [1m[34mSELECT `products`.* FROM `products`[0m
I, [2019-10-27T02:59:50.045625 #2217]  INFO -- : [9f202d6d-67a0-43f4-bd35-62703873b36f]   Rendered products/index.html.erb within layouts/application (Duration: 5.1ms | Allocations: 979)
I, [2019-10-27T02:59:50.046556 #2217]  INFO -- : [9f202d6d-67a0-43f4-bd35-62703873b36f] Completed 200 OK in 9ms (Views: 5.5ms | ActiveRecord: 1.8ms | Allocations: 2370)
I, [2019-10-27T02:59:52.337820 #2217]  INFO -- : [88d7358d-68d8-432f-8b35-91f881ffa732] Started GET "/products/new" for 45.234.149.6 at 2019-10-27 02:59:52 +0000
I, [2019-10-27T02:59:52.347275 #2217]  INFO -- : [88d7358d-68d8-432f-8b35-91f881ffa732] Processing by ProductsController#new as HTML
I, [2019-10-27T02:59:52.354806 #2217]  INFO -- : [88d7358d-68d8-432f-8b35-91f881ffa732]   Rendering products/new.html.erb within layouts/application
I, [2019-10-27T02:59:52.359732 #2217]  INFO -- : [88d7358d-68d8-432f-8b35-91f881ffa732]   Rendered products/_form.html.erb (Duration: 3.9ms | Allocations: 2071)
I, [2019-10-27T02:59:52.359882 #2217]  INFO -- : [88d7358d-68d8-432f-8b35-91f881ffa732]   Rendered products/new.html.erb within layouts/application (Duration: 5.0ms | Allocations: 2405)
I, [2019-10-27T02:59:52.360391 #2217]  INFO -- : [88d7358d-68d8-432f-8b35-91f881ffa732] Completed 200 OK in 13ms (Views: 5.7ms | ActiveRecord: 0.4ms | Allocations: 7749)
I, [2019-10-27T03:00:45.433975 #2217]  INFO -- : [fdfc6cb9-98d6-4c50-835c-9d7736d16e46] Started POST "/products" for 45.234.149.6 at 2019-10-27 03:00:45 +0000
I, [2019-10-27T03:00:45.434689 #2217]  INFO -- : [fdfc6cb9-98d6-4c50-835c-9d7736d16e46] Processing by ProductsController#create as HTML
I, [2019-10-27T03:00:45.434786 #2217]  INFO -- : [fdfc6cb9-98d6-4c50-835c-9d7736d16e46]   Parameters: {"authenticity_token"=>"fqOC6psNHASYvac1bzELMkggnTytXib0iPeKgIZoPe6BoxqX0Q6zdlZAOoqwUimE28HDKbJN1IFoeVoSrqseDA==", "product"=>{"code"=>"1000", "name"=>"Blusa Manga Bufante", "description"=>"Blusa Manga Bufante Tamanho Único.", "image"=>"foto", "category_id"=>"1"}, "commit"=>"Create Product"}
D, [2019-10-27T03:00:45.437625 #2217] DEBUG -- : [fdfc6cb9-98d6-4c50-835c-9d7736d16e46]   [1m[35m (0.1ms)[0m  [1m[35mBEGIN[0m
D, [2019-10-27T03:00:45.438013 #2217] DEBUG -- : [fdfc6cb9-98d6-4c50-835c-9d7736d16e46]   [1m[36mCategory Load (0.3ms)[0m  [1m[34mSELECT `categories`.* FROM `categories` WHERE `categories`.`id` = 1 LIMIT 1[0m
D, [2019-10-27T03:00:45.439211 #2217] DEBUG -- : [fdfc6cb9-98d6-4c50-835c-9d7736d16e46]   [1m[36mProduct Create (0.2ms)[0m  [1m[32mINSERT INTO `products` (`code`, `name`, `description`, `image`, `category_id`, `created_at`, `updated_at`) VALUES (1000, 'Blusa Manga Bufante', 'Blusa Manga Bufante Tamanho Único.', 'foto', 1, '2019-10-27 03:00:45.438357', '2019-10-27 03:00:45.438357')[0m
D, [2019-10-27T03:00:45.450281 #2217] DEBUG -- : [fdfc6cb9-98d6-4c50-835c-9d7736d16e46]   [1m[35m (10.9ms)[0m  [1m[35mCOMMIT[0m
I, [2019-10-27T03:00:45.450812 #2217]  INFO -- : [fdfc6cb9-98d6-4c50-835c-9d7736d16e46] Redirected to http://dggirl.com.br/products/1
I, [2019-10-27T03:00:45.450960 #2217]  INFO -- : [fdfc6cb9-98d6-4c50-835c-9d7736d16e46] Completed 302 Found in 16ms (ActiveRecord: 11.5ms | Allocations: 1540)
I, [2019-10-27T03:00:45.678865 #2217]  INFO -- : [a4e2aa5c-5437-4e4e-8302-523dccaaf4cb] Started GET "/products/1" for 45.234.149.6 at 2019-10-27 03:00:45 +0000
I, [2019-10-27T03:00:45.679497 #2217]  INFO -- : [a4e2aa5c-5437-4e4e-8302-523dccaaf4cb] Processing by ProductsController#show as HTML
I, [2019-10-27T03:00:45.679538 #2217]  INFO -- : [a4e2aa5c-5437-4e4e-8302-523dccaaf4cb]   Parameters: {"id"=>"1"}
D, [2019-10-27T03:00:45.681184 #2217] DEBUG -- : [a4e2aa5c-5437-4e4e-8302-523dccaaf4cb]   [1m[36mProduct Load (0.4ms)[0m  [1m[34mSELECT `products`.* FROM `products` WHERE `products`.`id` = 1 LIMIT 1[0m
I, [2019-10-27T03:00:45.681922 #2217]  INFO -- : [a4e2aa5c-5437-4e4e-8302-523dccaaf4cb]   Rendering products/show.html.erb within layouts/application
I, [2019-10-27T03:00:45.683283 #2217]  INFO -- : [a4e2aa5c-5437-4e4e-8302-523dccaaf4cb]   Rendered products/show.html.erb within layouts/application (Duration: 1.3ms | Allocations: 334)
I, [2019-10-27T03:00:45.683782 #2217]  INFO -- : [a4e2aa5c-5437-4e4e-8302-523dccaaf4cb] Completed 200 OK in 4ms (Views: 2.0ms | ActiveRecord: 0.4ms | Allocations: 1449)
I, [2019-10-27T03:00:48.499525 #2217]  INFO -- : [23c7ff0b-ac23-4541-a408-913bbf209c38] Started GET "/products" for 45.234.149.6 at 2019-10-27 03:00:48 +0000
I, [2019-10-27T03:00:48.500133 #2217]  INFO -- : [23c7ff0b-ac23-4541-a408-913bbf209c38] Processing by ProductsController#index as HTML
I, [2019-10-27T03:00:48.500981 #2217]  INFO -- : [23c7ff0b-ac23-4541-a408-913bbf209c38]   Rendering products/index.html.erb within layouts/application
D, [2019-10-27T03:00:48.501796 #2217] DEBUG -- : [23c7ff0b-ac23-4541-a408-913bbf209c38]   [1m[36mProduct Load (0.3ms)[0m  [1m[34mSELECT `products`.* FROM `products`[0m
I, [2019-10-27T03:00:48.502370 #2217]  INFO -- : [23c7ff0b-ac23-4541-a408-913bbf209c38]   Rendered products/index.html.erb within layouts/application (Duration: 1.3ms | Allocations: 317)
I, [2019-10-27T03:00:48.502868 #2217]  INFO -- : [23c7ff0b-ac23-4541-a408-913bbf209c38] Completed 200 OK in 3ms (Views: 1.7ms | ActiveRecord: 0.3ms | Allocations: 1018)
I, [2019-10-27T03:03:40.599941 #2217]  INFO -- : [7808e5d2-ef42-444e-9af0-b1c1b35d29c0] Started GET "/" for 45.234.149.6 at 2019-10-27 03:03:40 +0000
F, [2019-10-27T03:03:40.600435 #2217] FATAL -- : [7808e5d2-ef42-444e-9af0-b1c1b35d29c0]   
[7808e5d2-ef42-444e-9af0-b1c1b35d29c0] ActionController::RoutingError (No route matches [GET] "/"):
[7808e5d2-ef42-444e-9af0-b1c1b35d29c0]   
[7808e5d2-ef42-444e-9af0-b1c1b35d29c0] actionpack (6.0.0) lib/action_dispatch/middleware/debug_exceptions.rb:36:in `call'
[7808e5d2-ef42-444e-9af0-b1c1b35d29c0] actionpack (6.0.0) lib/action_dispatch/middleware/show_exceptions.rb:33:in `call'
[7808e5d2-ef42-444e-9af0-b1c1b35d29c0] railties (6.0.0) lib/rails/rack/logger.rb:38:in `call_app'
[7808e5d2-ef42-444e-9af0-b1c1b35d29c0] railties (6.0.0) lib/rails/rack/logger.rb:26:in `block in call'
[7808e5d2-ef42-444e-9af0-b1c1b35d29c0] activesupport (6.0.0) lib/active_support/tagged_logging.rb:80:in `block in tagged'
[7808e5d2-ef42-444e-9af0-b1c1b35d29c0] activesupport (6.0.0) lib/active_support/tagged_logging.rb:28:in `tagged'
[7808e5d2-ef42-444e-9af0-b1c1b35d29c0] activesupport (6.0.0) lib/active_support/tagged_logging.rb:80:in `tagged'
[7808e5d2-ef42-444e-9af0-b1c1b35d29c0] railties (6.0.0) lib/rails/rack/logger.rb:26:in `call'
[7808e5d2-ef42-444e-9af0-b1c1b35d29c0] actionpack (6.0.0) lib/action_dispatch/middleware/remote_ip.rb:81:in `call'
[7808e5d2-ef42-444e-9af0-b1c1b35d29c0] actionpack (6.0.0) lib/action_dispatch/middleware/request_id.rb:27:in `call'
[7808e5d2-ef42-444e-9af0-b1c1b35d29c0] rack (2.0.7) lib/rack/method_override.rb:22:in `call'
[7808e5d2-ef42-444e-9af0-b1c1b35d29c0] rack (2.0.7) lib/rack/runtime.rb:22:in `call'
[7808e5d2-ef42-444e-9af0-b1c1b35d29c0] activesupport (6.0.0) lib/active_support/cache/strategy/local_cache_middleware.rb:29:in `call'
[7808e5d2-ef42-444e-9af0-b1c1b35d29c0] actionpack (6.0.0) lib/action_dispatch/middleware/executor.rb:14:in `call'
[7808e5d2-ef42-444e-9af0-b1c1b35d29c0] rack (2.0.7) lib/rack/sendfile.rb:111:in `call'
[7808e5d2-ef42-444e-9af0-b1c1b35d29c0] actionpack (6.0.0) lib/action_dispatch/middleware/host_authorization.rb:77:in `call'
[7808e5d2-ef42-444e-9af0-b1c1b35d29c0] railties (6.0.0) lib/rails/engine.rb:526:in `call'
[7808e5d2-ef42-444e-9af0-b1c1b35d29c0] /usr/lib/ruby/vendor_ruby/phusion_passenger/rack/thread_handler_extension.rb:97:in `process_request'
[7808e5d2-ef42-444e-9af0-b1c1b35d29c0] /usr/lib/ruby/vendor_ruby/phusion_passenger/request_handler/thread_handler.rb:149:in `accept_and_process_next_request'
[7808e5d2-ef42-444e-9af0-b1c1b35d29c0] /usr/lib/ruby/vendor_ruby/phusion_passenger/request_handler/thread_handler.rb:110:in `main_loop'
[7808e5d2-ef42-444e-9af0-b1c1b35d29c0] /usr/lib/ruby/vendor_ruby/phusion_passenger/request_handler.rb:415:in `block (3 levels) in start_threads'
[7808e5d2-ef42-444e-9af0-b1c1b35d29c0] /usr/lib/ruby/vendor_ruby/phusion_passenger/utils.rb:113:in `block in create_thread_and_abort_on_exception'
I, [2019-10-27T03:03:43.477816 #2217]  INFO -- : [e5925885-63e6-41fc-960f-274e9a5a13d4] Started GET "/" for 45.234.149.6 at 2019-10-27 03:03:43 +0000
F, [2019-10-27T03:03:43.478320 #2217] FATAL -- : [e5925885-63e6-41fc-960f-274e9a5a13d4]   
[e5925885-63e6-41fc-960f-274e9a5a13d4] ActionController::RoutingError (No route matches [GET] "/"):
[e5925885-63e6-41fc-960f-274e9a5a13d4]   
[e5925885-63e6-41fc-960f-274e9a5a13d4] actionpack (6.0.0) lib/action_dispatch/middleware/debug_exceptions.rb:36:in `call'
[e5925885-63e6-41fc-960f-274e9a5a13d4] actionpack (6.0.0) lib/action_dispatch/middleware/show_exceptions.rb:33:in `call'
[e5925885-63e6-41fc-960f-274e9a5a13d4] railties (6.0.0) lib/rails/rack/logger.rb:38:in `call_app'
[e5925885-63e6-41fc-960f-274e9a5a13d4] railties (6.0.0) lib/rails/rack/logger.rb:26:in `block in call'
[e5925885-63e6-41fc-960f-274e9a5a13d4] activesupport (6.0.0) lib/active_support/tagged_logging.rb:80:in `block in tagged'
[e5925885-63e6-41fc-960f-274e9a5a13d4] activesupport (6.0.0) lib/active_support/tagged_logging.rb:28:in `tagged'
[e5925885-63e6-41fc-960f-274e9a5a13d4] activesupport (6.0.0) lib/active_support/tagged_logging.rb:80:in `tagged'
[e5925885-63e6-41fc-960f-274e9a5a13d4] railties (6.0.0) lib/rails/rack/logger.rb:26:in `call'
[e5925885-63e6-41fc-960f-274e9a5a13d4] actionpack (6.0.0) lib/action_dispatch/middleware/remote_ip.rb:81:in `call'
[e5925885-63e6-41fc-960f-274e9a5a13d4] actionpack (6.0.0) lib/action_dispatch/middleware/request_id.rb:27:in `call'
[e5925885-63e6-41fc-960f-274e9a5a13d4] rack (2.0.7) lib/rack/method_override.rb:22:in `call'
[e5925885-63e6-41fc-960f-274e9a5a13d4] rack (2.0.7) lib/rack/runtime.rb:22:in `call'
[e5925885-63e6-41fc-960f-274e9a5a13d4] activesupport (6.0.0) lib/active_support/cache/strategy/local_cache_middleware.rb:29:in `call'
[e5925885-63e6-41fc-960f-274e9a5a13d4] actionpack (6.0.0) lib/action_dispatch/middleware/executor.rb:14:in `call'
[e5925885-63e6-41fc-960f-274e9a5a13d4] rack (2.0.7) lib/rack/sendfile.rb:111:in `call'
[e5925885-63e6-41fc-960f-274e9a5a13d4] actionpack (6.0.0) lib/action_dispatch/middleware/host_authorization.rb:77:in `call'
[e5925885-63e6-41fc-960f-274e9a5a13d4] railties (6.0.0) lib/rails/engine.rb:526:in `call'
[e5925885-63e6-41fc-960f-274e9a5a13d4] /usr/lib/ruby/vendor_ruby/phusion_passenger/rack/thread_handler_extension.rb:97:in `process_request'
[e5925885-63e6-41fc-960f-274e9a5a13d4] /usr/lib/ruby/vendor_ruby/phusion_passenger/request_handler/thread_handler.rb:149:in `accept_and_process_next_request'
[e5925885-63e6-41fc-960f-274e9a5a13d4] /usr/lib/ruby/vendor_ruby/phusion_passenger/request_handler/thread_handler.rb:110:in `main_loop'
[e5925885-63e6-41fc-960f-274e9a5a13d4] /usr/lib/ruby/vendor_ruby/phusion_passenger/request_handler.rb:415:in `block (3 levels) in start_threads'
[e5925885-63e6-41fc-960f-274e9a5a13d4] /usr/lib/ruby/vendor_ruby/phusion_passenger/utils.rb:113:in `block in create_thread_and_abort_on_exception'
I, [2019-10-27T03:04:38.884972 #3194]  INFO -- : [2e125ed9-b5ea-457c-b0a0-9766d53583c2] Started GET "/" for 45.234.149.6 at 2019-10-27 03:04:38 +0000
I, [2019-10-27T03:04:38.888442 #3194]  INFO -- : [2e125ed9-b5ea-457c-b0a0-9766d53583c2] Processing by ProductsController#index as HTML
I, [2019-10-27T03:04:38.897905 #3194]  INFO -- : [2e125ed9-b5ea-457c-b0a0-9766d53583c2]   Rendering products/index.html.erb within layouts/application
D, [2019-10-27T03:04:38.902664 #3194] DEBUG -- : [2e125ed9-b5ea-457c-b0a0-9766d53583c2]   [1m[35m (0.3ms)[0m  [1m[35mSET NAMES utf8mb4,  @@SESSION.sql_mode = CONCAT(CONCAT(@@sql_mode, ',STRICT_ALL_TABLES'), ',NO_AUTO_VALUE_ON_ZERO'),  @@SESSION.sql_auto_is_null = 0, @@SESSION.wait_timeout = 2147483[0m
D, [2019-10-27T03:04:38.903863 #3194] DEBUG -- : [2e125ed9-b5ea-457c-b0a0-9766d53583c2]   [1m[36mProduct Load (0.4ms)[0m  [1m[34mSELECT `products`.* FROM `products`[0m
I, [2019-10-27T03:04:38.915224 #3194]  INFO -- : [2e125ed9-b5ea-457c-b0a0-9766d53583c2]   Rendered products/index.html.erb within layouts/application (Duration: 17.2ms | Allocations: 7118)
I, [2019-10-27T03:04:38.917407 #3194]  INFO -- : [2e125ed9-b5ea-457c-b0a0-9766d53583c2] Completed 200 OK in 29ms (Views: 21.2ms | ActiveRecord: 1.9ms | Allocations: 9419)
I, [2019-10-27T03:05:25.796403 #3194]  INFO -- : [b36c2339-1b61-4772-8833-70319374224c] Started GET "/" for 45.234.149.6 at 2019-10-27 03:05:25 +0000
I, [2019-10-27T03:05:25.797274 #3194]  INFO -- : [b36c2339-1b61-4772-8833-70319374224c] Processing by ProductsController#index as HTML
I, [2019-10-27T03:05:25.798340 #3194]  INFO -- : [b36c2339-1b61-4772-8833-70319374224c]   Rendering products/index.html.erb within layouts/application
D, [2019-10-27T03:05:25.799190 #3194] DEBUG -- : [b36c2339-1b61-4772-8833-70319374224c]   [1m[36mProduct Load (0.4ms)[0m  [1m[34mSELECT `products`.* FROM `products`[0m
I, [2019-10-27T03:05:25.799824 #3194]  INFO -- : [b36c2339-1b61-4772-8833-70319374224c]   Rendered products/index.html.erb within layouts/application (Duration: 1.4ms | Allocations: 327)
I, [2019-10-27T03:05:25.800404 #3194]  INFO -- : [b36c2339-1b61-4772-8833-70319374224c] Completed 200 OK in 3ms (Views: 1.9ms | ActiveRecord: 0.4ms | Allocations: 1038)
I, [2019-10-27T03:05:30.183157 #3194]  INFO -- : [94559ad0-0a25-4d81-99c4-213cf36bad27] Started GET "/" for 45.234.149.6 at 2019-10-27 03:05:30 +0000
I, [2019-10-27T03:05:30.183766 #3194]  INFO -- : [94559ad0-0a25-4d81-99c4-213cf36bad27] Processing by ProductsController#index as HTML
I, [2019-10-27T03:05:30.184678 #3194]  INFO -- : [94559ad0-0a25-4d81-99c4-213cf36bad27]   Rendering products/index.html.erb within layouts/application
D, [2019-10-27T03:05:30.185483 #3194] DEBUG -- : [94559ad0-0a25-4d81-99c4-213cf36bad27]   [1m[36mProduct Load (0.3ms)[0m  [1m[34mSELECT `products`.* FROM `products`[0m
I, [2019-10-27T03:05:30.185978 #3194]  INFO -- : [94559ad0-0a25-4d81-99c4-213cf36bad27]   Rendered products/index.html.erb within layouts/application (Duration: 1.2ms | Allocations: 314)
I, [2019-10-27T03:05:30.186603 #3194]  INFO -- : [94559ad0-0a25-4d81-99c4-213cf36bad27] Completed 200 OK in 3ms (Views: 1.8ms | ActiveRecord: 0.3ms | Allocations: 1022)
I, [2019-10-27T03:05:33.687167 #3194]  INFO -- : [58ddcd8f-c203-4c7d-97c2-6ecb61b9baca] Started GET "/" for 45.234.149.6 at 2019-10-27 03:05:33 +0000
I, [2019-10-27T03:05:33.687786 #3194]  INFO -- : [58ddcd8f-c203-4c7d-97c2-6ecb61b9baca] Processing by ProductsController#index as HTML
I, [2019-10-27T03:05:33.688557 #3194]  INFO -- : [58ddcd8f-c203-4c7d-97c2-6ecb61b9baca]   Rendering products/index.html.erb within layouts/application
D, [2019-10-27T03:05:33.689324 #3194] DEBUG -- : [58ddcd8f-c203-4c7d-97c2-6ecb61b9baca]   [1m[36mProduct Load (0.3ms)[0m  [1m[34mSELECT `products`.* FROM `products`[0m
I, [2019-10-27T03:05:33.689998 #3194]  INFO -- : [58ddcd8f-c203-4c7d-97c2-6ecb61b9baca]   Rendered products/index.html.erb within layouts/application (Duration: 1.4ms | Allocations: 314)
I, [2019-10-27T03:05:33.690565 #3194]  INFO -- : [58ddcd8f-c203-4c7d-97c2-6ecb61b9baca] Completed 200 OK in 3ms (Views: 1.8ms | ActiveRecord: 0.3ms | Allocations: 1014)
I, [2019-10-27T03:05:55.541970 #3542]  INFO -- : [38738877-c121-43b2-9fbb-61da1064e0f7] Started GET "/" for 45.234.149.6 at 2019-10-27 03:05:55 +0000
I, [2019-10-27T03:05:55.544755 #3542]  INFO -- : [38738877-c121-43b2-9fbb-61da1064e0f7] Processing by ProductsController#index as HTML
I, [2019-10-27T03:05:55.559439 #3542]  INFO -- : [38738877-c121-43b2-9fbb-61da1064e0f7]   Rendering products/index.html.erb within layouts/application
D, [2019-10-27T03:05:55.563618 #3542] DEBUG -- : [38738877-c121-43b2-9fbb-61da1064e0f7]   [1m[35m (0.3ms)[0m  [1m[35mSET NAMES utf8mb4,  @@SESSION.sql_mode = CONCAT(CONCAT(@@sql_mode, ',STRICT_ALL_TABLES'), ',NO_AUTO_VALUE_ON_ZERO'),  @@SESSION.sql_auto_is_null = 0, @@SESSION.wait_timeout = 2147483[0m
D, [2019-10-27T03:05:55.564705 #3542] DEBUG -- : [38738877-c121-43b2-9fbb-61da1064e0f7]   [1m[36mProduct Load (0.3ms)[0m  [1m[34mSELECT `products`.* FROM `products`[0m
D, [2019-10-27T03:05:55.577474 #3542] DEBUG -- : [38738877-c121-43b2-9fbb-61da1064e0f7]   [1m[36mCategory Load (0.2ms)[0m  [1m[34mSELECT `categories`.* FROM `categories` WHERE `categories`.`id` = 1 LIMIT 1[0m
I, [2019-10-27T03:05:55.581902 #3542]  INFO -- : [38738877-c121-43b2-9fbb-61da1064e0f7]   Rendered products/index.html.erb within layouts/application (Duration: 22.4ms | Allocations: 10880)
I, [2019-10-27T03:05:55.583434 #3542]  INFO -- : [38738877-c121-43b2-9fbb-61da1064e0f7] Completed 200 OK in 39ms (Views: 25.3ms | ActiveRecord: 2.5ms | Allocations: 13189)
I, [2019-10-27T03:06:53.037703 #3867]  INFO -- : [d1ca0d59-9730-4af4-a7aa-bde3edbf5ae1] Started GET "/" for 45.234.149.6 at 2019-10-27 03:06:53 +0000
I, [2019-10-27T03:06:53.040912 #3867]  INFO -- : [d1ca0d59-9730-4af4-a7aa-bde3edbf5ae1] Processing by ProductsController#index as HTML
I, [2019-10-27T03:06:53.049696 #3867]  INFO -- : [d1ca0d59-9730-4af4-a7aa-bde3edbf5ae1]   Rendering products/index.html.erb within layouts/application
I, [2019-10-27T03:06:53.050242 #3867]  INFO -- : [d1ca0d59-9730-4af4-a7aa-bde3edbf5ae1]   Rendered products/index.html.erb within layouts/application (Duration: 0.4ms | Allocations: 145)
I, [2019-10-27T03:06:53.050470 #3867]  INFO -- : [d1ca0d59-9730-4af4-a7aa-bde3edbf5ae1] Completed 500 Internal Server Error in 9ms (Allocations: 1715)
I, [2019-10-27T03:07:04.845468 #3867]  INFO -- : [c9826b13-cb7b-4672-8ec2-d4d5b5c5bbd6] Started GET "/" for 45.234.149.6 at 2019-10-27 03:07:04 +0000
I, [2019-10-27T03:07:04.846276 #3867]  INFO -- : [c9826b13-cb7b-4672-8ec2-d4d5b5c5bbd6] Processing by ProductsController#index as HTML
I, [2019-10-27T03:07:04.847250 #3867]  INFO -- : [c9826b13-cb7b-4672-8ec2-d4d5b5c5bbd6]   Rendering products/index.html.erb within layouts/application
D, [2019-10-27T03:07:04.851308 #3867] DEBUG -- : [c9826b13-cb7b-4672-8ec2-d4d5b5c5bbd6]   [1m[35m (0.3ms)[0m  [1m[35mSET NAMES utf8mb4,  @@SESSION.sql_mode = CONCAT(CONCAT(@@sql_mode, ',STRICT_ALL_TABLES'), ',NO_AUTO_VALUE_ON_ZERO'),  @@SESSION.sql_auto_is_null = 0, @@SESSION.wait_timeout = 2147483[0m
D, [2019-10-27T03:07:04.852673 #3867] DEBUG -- : [c9826b13-cb7b-4672-8ec2-d4d5b5c5bbd6]   [1m[36mProduct Load (0.4ms)[0m  [1m[34mSELECT `products`.* FROM `products`[0m
D, [2019-10-27T03:07:04.865021 #3867] DEBUG -- : [c9826b13-cb7b-4672-8ec2-d4d5b5c5bbd6]   [1m[36mCategory Load (0.2ms)[0m  [1m[34mSELECT `categories`.* FROM `categories` WHERE `categories`.`id` = 1 LIMIT 1[0m
I, [2019-10-27T03:07:04.869465 #3867]  INFO -- : [c9826b13-cb7b-4672-8ec2-d4d5b5c5bbd6]   Rendered products/index.html.erb within layouts/application (Duration: 22.1ms | Allocations: 10895)
I, [2019-10-27T03:07:04.871075 #3867]  INFO -- : [c9826b13-cb7b-4672-8ec2-d4d5b5c5bbd6] Completed 200 OK in 25ms (Views: 24.0ms | ActiveRecord: 2.4ms | Allocations: 12065)
I, [2019-10-27T03:10:03.459967 #3867]  INFO -- : [7f795824-f39c-4a3c-bf9d-ba5fa66d2295] Started GET "/" for 45.234.149.6 at 2019-10-27 03:10:03 +0000
I, [2019-10-27T03:10:03.460596 #3867]  INFO -- : [7f795824-f39c-4a3c-bf9d-ba5fa66d2295] Processing by ProductsController#index as HTML
I, [2019-10-27T03:10:03.461538 #3867]  INFO -- : [7f795824-f39c-4a3c-bf9d-ba5fa66d2295]   Rendering products/index.html.erb within layouts/application
D, [2019-10-27T03:10:03.462325 #3867] DEBUG -- : [7f795824-f39c-4a3c-bf9d-ba5fa66d2295]   [1m[36mProduct Load (0.3ms)[0m  [1m[34mSELECT `products`.* FROM `products`[0m
D, [2019-10-27T03:10:03.463255 #3867] DEBUG -- : [7f795824-f39c-4a3c-bf9d-ba5fa66d2295]   [1m[36mCategory Load (0.2ms)[0m  [1m[34mSELECT `categories`.* FROM `categories` WHERE `categories`.`id` = 1 LIMIT 1[0m
I, [2019-10-27T03:10:03.463812 #3867]  INFO -- : [7f795824-f39c-4a3c-bf9d-ba5fa66d2295]   Rendered products/index.html.erb within layouts/application (Duration: 2.2ms | Allocations: 542)
I, [2019-10-27T03:10:03.464291 #3867]  INFO -- : [7f795824-f39c-4a3c-bf9d-ba5fa66d2295] Completed 200 OK in 4ms (Views: 2.5ms | ActiveRecord: 0.5ms | Allocations: 1259)
I, [2019-10-27T03:10:07.423301 #3867]  INFO -- : [29d95302-e59f-47e8-8735-95208962747c] Started GET "/" for 45.234.149.6 at 2019-10-27 03:10:07 +0000
I, [2019-10-27T03:10:07.423960 #3867]  INFO -- : [29d95302-e59f-47e8-8735-95208962747c] Processing by ProductsController#index as HTML
I, [2019-10-27T03:10:07.424897 #3867]  INFO -- : [29d95302-e59f-47e8-8735-95208962747c]   Rendering products/index.html.erb within layouts/application
D, [2019-10-27T03:10:07.425733 #3867] DEBUG -- : [29d95302-e59f-47e8-8735-95208962747c]   [1m[36mProduct Load (0.4ms)[0m  [1m[34mSELECT `products`.* FROM `products`[0m
D, [2019-10-27T03:10:07.426602 #3867] DEBUG -- : [29d95302-e59f-47e8-8735-95208962747c]   [1m[36mCategory Load (0.2ms)[0m  [1m[34mSELECT `categories`.* FROM `categories` WHERE `categories`.`id` = 1 LIMIT 1[0m
I, [2019-10-27T03:10:07.427026 #3867]  INFO -- : [29d95302-e59f-47e8-8735-95208962747c]   Rendered products/index.html.erb within layouts/application (Duration: 2.1ms | Allocations: 533)
I, [2019-10-27T03:10:07.427571 #3867]  INFO -- : [29d95302-e59f-47e8-8735-95208962747c] Completed 200 OK in 4ms (Views: 2.2ms | ActiveRecord: 0.6ms | Allocations: 1241)
I, [2019-10-27T03:10:17.928181 #4399]  INFO -- : [892f5c87-8bcb-4fbb-b0b3-27e1c7cff5db] Started GET "/" for 45.234.149.6 at 2019-10-27 03:10:17 +0000
I, [2019-10-27T03:10:17.931572 #4399]  INFO -- : [892f5c87-8bcb-4fbb-b0b3-27e1c7cff5db] Processing by ProductsController#index as HTML
I, [2019-10-27T03:10:17.940798 #4399]  INFO -- : [892f5c87-8bcb-4fbb-b0b3-27e1c7cff5db]   Rendering products/index.html.erb within layouts/application
I, [2019-10-27T03:10:17.941274 #4399]  INFO -- : [892f5c87-8bcb-4fbb-b0b3-27e1c7cff5db]   Rendered products/index.html.erb within layouts/application (Duration: 0.4ms | Allocations: 145)
I, [2019-10-27T03:10:17.941477 #4399]  INFO -- : [892f5c87-8bcb-4fbb-b0b3-27e1c7cff5db] Completed 500 Internal Server Error in 10ms (Allocations: 1709)
I, [2019-10-27T03:10:37.256863 #4399]  INFO -- : [798a73a5-c59b-4aed-b196-f22437dc5fe2] Started GET "/" for 45.234.149.6 at 2019-10-27 03:10:37 +0000
I, [2019-10-27T03:10:37.257567 #4399]  INFO -- : [798a73a5-c59b-4aed-b196-f22437dc5fe2] Processing by ProductsController#index as HTML
I, [2019-10-27T03:10:37.258573 #4399]  INFO -- : [798a73a5-c59b-4aed-b196-f22437dc5fe2]   Rendering products/index.html.erb within layouts/application
I, [2019-10-27T03:10:37.259010 #4399]  INFO -- : [798a73a5-c59b-4aed-b196-f22437dc5fe2]   Rendered products/index.html.erb within layouts/application (Duration: 0.3ms | Allocations: 134)
I, [2019-10-27T03:10:37.259143 #4399]  INFO -- : [798a73a5-c59b-4aed-b196-f22437dc5fe2] Completed 500 Internal Server Error in 1ms (Allocations: 558)
I, [2019-10-27T03:10:39.764496 #4399]  INFO -- : [205fe04e-397c-49df-86a8-246b2aa38e2b] Started GET "/" for 45.234.149.6 at 2019-10-27 03:10:39 +0000
I, [2019-10-27T03:10:39.765251 #4399]  INFO -- : [205fe04e-397c-49df-86a8-246b2aa38e2b] Processing by ProductsController#index as HTML
I, [2019-10-27T03:10:39.766285 #4399]  INFO -- : [205fe04e-397c-49df-86a8-246b2aa38e2b]   Rendering products/index.html.erb within layouts/application
I, [2019-10-27T03:10:39.766697 #4399]  INFO -- : [205fe04e-397c-49df-86a8-246b2aa38e2b]   Rendered products/index.html.erb within layouts/application (Duration: 0.3ms | Allocations: 134)
I, [2019-10-27T03:10:39.766843 #4399]  INFO -- : [205fe04e-397c-49df-86a8-246b2aa38e2b] Completed 500 Internal Server Error in 1ms (Allocations: 558)
I, [2019-10-27T03:10:47.749969 #4691]  INFO -- : [bf501b34-4daa-49ab-a0a0-77c28ef2c92c] Started GET "/" for 45.234.149.6 at 2019-10-27 03:10:47 +0000
I, [2019-10-27T03:10:47.752508 #4691]  INFO -- : [bf501b34-4daa-49ab-a0a0-77c28ef2c92c] Processing by ProductsController#index as HTML
I, [2019-10-27T03:10:47.760582 #4691]  INFO -- : [bf501b34-4daa-49ab-a0a0-77c28ef2c92c]   Rendering products/index.html.erb within layouts/application
I, [2019-10-27T03:10:47.761126 #4691]  INFO -- : [bf501b34-4daa-49ab-a0a0-77c28ef2c92c]   Rendered products/index.html.erb within layouts/application (Duration: 0.4ms | Allocations: 145)
I, [2019-10-27T03:10:47.761335 #4691]  INFO -- : [bf501b34-4daa-49ab-a0a0-77c28ef2c92c] Completed 500 Internal Server Error in 9ms (Allocations: 1709)
I, [2019-10-27T03:11:03.831855 #4691]  INFO -- : [becc82ae-386c-41c2-92bc-054c713e1276] Started GET "/" for 45.234.149.6 at 2019-10-27 03:11:03 +0000
I, [2019-10-27T03:11:03.832545 #4691]  INFO -- : [becc82ae-386c-41c2-92bc-054c713e1276] Processing by ProductsController#index as HTML
I, [2019-10-27T03:11:03.833517 #4691]  INFO -- : [becc82ae-386c-41c2-92bc-054c713e1276]   Rendering products/index.html.erb within layouts/application
D, [2019-10-27T03:11:03.837367 #4691] DEBUG -- : [becc82ae-386c-41c2-92bc-054c713e1276]   [1m[35m (0.3ms)[0m  [1m[35mSET NAMES utf8mb4,  @@SESSION.sql_mode = CONCAT(CONCAT(@@sql_mode, ',STRICT_ALL_TABLES'), ',NO_AUTO_VALUE_ON_ZERO'),  @@SESSION.sql_auto_is_null = 0, @@SESSION.wait_timeout = 2147483[0m
D, [2019-10-27T03:11:03.839265 #4691] DEBUG -- : [becc82ae-386c-41c2-92bc-054c713e1276]   [1m[36mProduct Load (0.8ms)[0m  [1m[34mSELECT `products`.* FROM `products`[0m
D, [2019-10-27T03:11:03.855681 #4691] DEBUG -- : [becc82ae-386c-41c2-92bc-054c713e1276]   [1m[36mCategory Load (0.2ms)[0m  [1m[34mSELECT `categories`.* FROM `categories` WHERE `categories`.`id` = 1 LIMIT 1[0m
I, [2019-10-27T03:11:03.861078 #4691]  INFO -- : [becc82ae-386c-41c2-92bc-054c713e1276]   Rendered products/index.html.erb within layouts/application (Duration: 27.5ms | Allocations: 10895)
I, [2019-10-27T03:11:03.862835 #4691]  INFO -- : [becc82ae-386c-41c2-92bc-054c713e1276] Completed 200 OK in 30ms (Views: 29.4ms | ActiveRecord: 3.8ms | Allocations: 12059)
I, [2019-10-27T03:11:19.408396 #4691]  INFO -- : [cb0c5e05-804d-4a66-b8e3-83c9933ab583] Started GET "/" for 45.234.149.6 at 2019-10-27 03:11:19 +0000
I, [2019-10-27T03:11:19.409027 #4691]  INFO -- : [cb0c5e05-804d-4a66-b8e3-83c9933ab583] Processing by ProductsController#index as HTML
I, [2019-10-27T03:11:19.409952 #4691]  INFO -- : [cb0c5e05-804d-4a66-b8e3-83c9933ab583]   Rendering products/index.html.erb within layouts/application
D, [2019-10-27T03:11:19.410661 #4691] DEBUG -- : [cb0c5e05-804d-4a66-b8e3-83c9933ab583]   [1m[36mProduct Load (0.3ms)[0m  [1m[34mSELECT `products`.* FROM `products`[0m
D, [2019-10-27T03:11:19.411473 #4691] DEBUG -- : [cb0c5e05-804d-4a66-b8e3-83c9933ab583]   [1m[36mCategory Load (0.2ms)[0m  [1m[34mSELECT `categories`.* FROM `categories` WHERE `categories`.`id` = 1 LIMIT 1[0m
I, [2019-10-27T03:11:19.412018 #4691]  INFO -- : [cb0c5e05-804d-4a66-b8e3-83c9933ab583]   Rendered products/index.html.erb within layouts/application (Duration: 2.0ms | Allocations: 542)
I, [2019-10-27T03:11:19.412480 #4691]  INFO -- : [cb0c5e05-804d-4a66-b8e3-83c9933ab583] Completed 200 OK in 3ms (Views: 2.2ms | ActiveRecord: 0.5ms | Allocations: 1247)
I, [2019-10-27T03:11:22.519618 #4691]  INFO -- : [50da7564-55a1-414d-91be-f35cd3f1b1a5] Started GET "/" for 45.234.149.6 at 2019-10-27 03:11:22 +0000
I, [2019-10-27T03:11:22.520168 #4691]  INFO -- : [50da7564-55a1-414d-91be-f35cd3f1b1a5] Processing by ProductsController#index as HTML
I, [2019-10-27T03:11:22.520949 #4691]  INFO -- : [50da7564-55a1-414d-91be-f35cd3f1b1a5]   Rendering products/index.html.erb within layouts/application
D, [2019-10-27T03:11:22.521632 #4691] DEBUG -- : [50da7564-55a1-414d-91be-f35cd3f1b1a5]   [1m[36mProduct Load (0.3ms)[0m  [1m[34mSELECT `products`.* FROM `products`[0m
D, [2019-10-27T03:11:22.522434 #4691] DEBUG -- : [50da7564-55a1-414d-91be-f35cd3f1b1a5]   [1m[36mCategory Load (0.2ms)[0m  [1m[34mSELECT `categories`.* FROM `categories` WHERE `categories`.`id` = 1 LIMIT 1[0m
I, [2019-10-27T03:11:22.522870 #4691]  INFO -- : [50da7564-55a1-414d-91be-f35cd3f1b1a5]   Rendered products/index.html.erb within layouts/application (Duration: 1.8ms | Allocations: 533)
I, [2019-10-27T03:11:22.523298 #4691]  INFO -- : [50da7564-55a1-414d-91be-f35cd3f1b1a5] Completed 200 OK in 3ms (Views: 2.0ms | ActiveRecord: 0.5ms | Allocations: 1245)
I, [2019-10-27T03:11:26.023320 #4691]  INFO -- : [65844376-9165-464d-b4e9-6ed69bba193f] Started GET "/" for 45.234.149.6 at 2019-10-27 03:11:26 +0000
I, [2019-10-27T03:11:26.023935 #4691]  INFO -- : [65844376-9165-464d-b4e9-6ed69bba193f] Processing by ProductsController#index as HTML
I, [2019-10-27T03:11:26.025068 #4691]  INFO -- : [65844376-9165-464d-b4e9-6ed69bba193f]   Rendering products/index.html.erb within layouts/application
D, [2019-10-27T03:11:26.025879 #4691] DEBUG -- : [65844376-9165-464d-b4e9-6ed69bba193f]   [1m[36mProduct Load (0.3ms)[0m  [1m[34mSELECT `products`.* FROM `products`[0m
D, [2019-10-27T03:11:26.026794 #4691] DEBUG -- : [65844376-9165-464d-b4e9-6ed69bba193f]   [1m[36mCategory Load (0.2ms)[0m  [1m[34mSELECT `categories`.* FROM `categories` WHERE `categories`.`id` = 1 LIMIT 1[0m
I, [2019-10-27T03:11:26.027218 #4691]  INFO -- : [65844376-9165-464d-b4e9-6ed69bba193f]   Rendered products/index.html.erb within layouts/application (Duration: 2.1ms | Allocations: 533)
I, [2019-10-27T03:11:26.027780 #4691]  INFO -- : [65844376-9165-464d-b4e9-6ed69bba193f] Completed 200 OK in 4ms (Views: 2.4ms | ActiveRecord: 0.5ms | Allocations: 1235)
I, [2019-10-27T03:11:36.076823 #5002]  INFO -- : [47c575d3-27d5-4464-8236-92ba792c8d0e] Started GET "/" for 45.234.149.6 at 2019-10-27 03:11:36 +0000
I, [2019-10-27T03:11:36.079875 #5002]  INFO -- : [47c575d3-27d5-4464-8236-92ba792c8d0e] Processing by ProductsController#index as HTML
I, [2019-10-27T03:11:36.087963 #5002]  INFO -- : [47c575d3-27d5-4464-8236-92ba792c8d0e]   Rendering products/index.html.erb within layouts/application
D, [2019-10-27T03:11:36.092111 #5002] DEBUG -- : [47c575d3-27d5-4464-8236-92ba792c8d0e]   [1m[35m (0.3ms)[0m  [1m[35mSET NAMES utf8mb4,  @@SESSION.sql_mode = CONCAT(CONCAT(@@sql_mode, ',STRICT_ALL_TABLES'), ',NO_AUTO_VALUE_ON_ZERO'),  @@SESSION.sql_auto_is_null = 0, @@SESSION.wait_timeout = 2147483[0m
D, [2019-10-27T03:11:36.093253 #5002] DEBUG -- : [47c575d3-27d5-4464-8236-92ba792c8d0e]   [1m[36mProduct Load (0.3ms)[0m  [1m[34mSELECT `products`.* FROM `products`[0m
D, [2019-10-27T03:11:36.105839 #5002] DEBUG -- : [47c575d3-27d5-4464-8236-92ba792c8d0e]   [1m[36mCategory Load (0.2ms)[0m  [1m[34mSELECT `categories`.* FROM `categories` WHERE `categories`.`id` = 1 LIMIT 1[0m
I, [2019-10-27T03:11:36.110986 #5002]  INFO -- : [47c575d3-27d5-4464-8236-92ba792c8d0e]   Rendered products/index.html.erb within layouts/application (Duration: 22.9ms | Allocations: 10880)
I, [2019-10-27T03:11:36.112429 #5002]  INFO -- : [47c575d3-27d5-4464-8236-92ba792c8d0e] Completed 200 OK in 32ms (Views: 26.0ms | ActiveRecord: 2.4ms | Allocations: 13187)
I, [2019-10-27T03:14:58.303589 #5002]  INFO -- : [2d4be7d2-fcac-49dc-88b3-515596b1a785] Started GET "/" for 45.234.149.6 at 2019-10-27 03:14:58 +0000
I, [2019-10-27T03:14:58.304295 #5002]  INFO -- : [2d4be7d2-fcac-49dc-88b3-515596b1a785] Processing by ProductsController#index as HTML
I, [2019-10-27T03:14:58.305266 #5002]  INFO -- : [2d4be7d2-fcac-49dc-88b3-515596b1a785]   Rendering products/index.html.erb within layouts/application
D, [2019-10-27T03:14:58.306230 #5002] DEBUG -- : [2d4be7d2-fcac-49dc-88b3-515596b1a785]   [1m[36mProduct Load (0.3ms)[0m  [1m[34mSELECT `products`.* FROM `products`[0m
D, [2019-10-27T03:14:58.307107 #5002] DEBUG -- : [2d4be7d2-fcac-49dc-88b3-515596b1a785]   [1m[36mCategory Load (0.2ms)[0m  [1m[34mSELECT `categories`.* FROM `categories` WHERE `categories`.`id` = 1 LIMIT 1[0m
I, [2019-10-27T03:14:58.307567 #5002]  INFO -- : [2d4be7d2-fcac-49dc-88b3-515596b1a785]   Rendered products/index.html.erb within layouts/application (Duration: 2.2ms | Allocations: 546)
I, [2019-10-27T03:14:58.308070 #5002]  INFO -- : [2d4be7d2-fcac-49dc-88b3-515596b1a785] Completed 200 OK in 4ms (Views: 2.5ms | ActiveRecord: 0.5ms | Allocations: 1253)
I, [2019-10-27T03:32:33.580809 #5002]  INFO -- : [7d58eb78-be76-4cb6-9d41-97cf5e51cfd2] Started GET "/" for 45.234.149.6 at 2019-10-27 03:32:33 +0000
I, [2019-10-27T03:32:33.581390 #5002]  INFO -- : [7d58eb78-be76-4cb6-9d41-97cf5e51cfd2] Processing by ProductsController#index as HTML
I, [2019-10-27T03:32:33.582194 #5002]  INFO -- : [7d58eb78-be76-4cb6-9d41-97cf5e51cfd2]   Rendering products/index.html.erb within layouts/application
D, [2019-10-27T03:32:33.582973 #5002] DEBUG -- : [7d58eb78-be76-4cb6-9d41-97cf5e51cfd2]   [1m[36mProduct Load (0.3ms)[0m  [1m[34mSELECT `products`.* FROM `products`[0m
D, [2019-10-27T03:32:33.583768 #5002] DEBUG -- : [7d58eb78-be76-4cb6-9d41-97cf5e51cfd2]   [1m[36mCategory Load (0.2ms)[0m  [1m[34mSELECT `categories`.* FROM `categories` WHERE `categories`.`id` = 1 LIMIT 1[0m
I, [2019-10-27T03:32:33.584206 #5002]  INFO -- : [7d58eb78-be76-4cb6-9d41-97cf5e51cfd2]   Rendered products/index.html.erb within layouts/application (Duration: 2.0ms | Allocations: 533)
I, [2019-10-27T03:32:33.585315 #5002]  INFO -- : [7d58eb78-be76-4cb6-9d41-97cf5e51cfd2] Completed 200 OK in 4ms (Views: 2.7ms | ActiveRecord: 0.5ms | Allocations: 1233)
